2017-04-22T21:38:15.236Z - info: Server started
2017-04-22T21:38:15.253Z - debug: Add event listener - error
2017-04-22T21:38:15.253Z - debug: Add event listener - started
2017-04-22T21:38:15.253Z - debug: Add event listener - stopped
2017-04-22T21:38:15.254Z - debug: Add event listener - sesssion_created
2017-04-22T21:38:15.254Z - debug: Add event listener - session_creation_failed
2017-04-22T21:38:15.254Z - debug: Add event listener - session_removed
2017-04-22T21:38:15.255Z - debug: Add event listener - data_uploaded
2017-04-22T21:38:15.255Z - debug: Add event listener - data_downloaded
2017-04-22T21:38:15.255Z - debug: Add event listener - activity_new
2017-04-22T21:38:15.255Z - debug: Add event listener - activity_update
2017-04-22T21:38:15.256Z - debug: Add event listener - auth_request
2017-04-22T21:38:15.256Z - debug: Add event listener - invite_token
2017-04-22T21:38:15.258Z - info: API server started
2017-04-22T21:38:15.275Z - debug: FFI :: Set session handle
2017-04-22T21:38:15.278Z - debug: FFI :: Create unregistered app
2017-04-22T21:38:26.006Z - debug: FFI :: Set session handle
2017-04-22T21:38:26.007Z - debug: FFI :: Revoke Anonymous App
2017-04-22T21:38:26.033Z - debug: FFI :: Drop session handle
2017-04-22T21:38:26.036Z - debug: FFI :: Create unregistered app
2017-04-22T21:38:26.041Z - debug: FFI :: Get account info
2017-04-22T21:38:26.047Z - error: FFI :: Get account info :: -35
2017-04-22T21:38:41.091Z - debug: Authorised request :: c2cc403a-ca23-49a1-93ba-d8274cc228ea :: Path - /auth
2017-04-22T21:38:41.093Z - debug: Authorised request :: c2cc403a-ca23-49a1-93ba-d8274cc228ea :: Decrypted session id - undefined
2017-04-22T21:38:41.093Z - warn: Session ID not found
2017-04-22T21:38:41.130Z - debug: Unauthorised request :: c4bf91f1-2224-4591-81e5-af4342bd0453 :: Path - /auth
2017-04-22T21:38:41.150Z - debug: Auth :: c4bf91f1-2224-4591-81e5-af4342bd0453 :: Authorisation request received
2017-04-22T21:38:41.151Z - debug: Auth :: c4bf91f1-2224-4591-81e5-af4342bd0453 :: Requesting authorisation for {"app":{"name":"SAFE Demo App","id":"net.maidsafe.demo_app","version":"0.6.2","vendor":"MaidSafe"},"permissions":[]}
2017-04-22T21:38:41.152Z - debug: Auth :: c4bf91f1-2224-4591-81e5-af4342bd0453 :: Emitting event for auth request received
2017-04-22T21:38:43.232Z - info: Authorisation rejected
2017-04-22T21:38:43.232Z - debug: Authorisation rejected for app - SAFE Demo App
2017-04-22T21:38:50.004Z - debug: Unauthorised request :: 08eecf9e-cfc2-4b57-8964-145568bd187a :: Path - /auth
2017-04-22T21:38:50.007Z - debug: Auth :: 08eecf9e-cfc2-4b57-8964-145568bd187a :: Authorisation request received
2017-04-22T21:38:50.007Z - debug: Auth :: 08eecf9e-cfc2-4b57-8964-145568bd187a :: Requesting authorisation for {"app":{"name":"SAFE Demo App","id":"net.maidsafe.demo_app","version":"0.6.2","vendor":"MaidSafe"},"permissions":[]}
2017-04-22T21:38:50.007Z - debug: Auth :: 08eecf9e-cfc2-4b57-8964-145568bd187a :: Emitting event for auth request received
2017-04-22T21:38:51.336Z - info: Authorisation approved
2017-04-22T21:38:51.337Z - debug: Authorisation approved :: 08eecf9e-cfc2-4b57-8964-145568bd187a - App Name 
      :: SAFE Demo App
2017-04-22T21:38:51.340Z - debug: FFI :: Register App {"_appName":"SAFE Demo App","_appId":"net.maidsafe.demo_app","_version":"0.6.2","_vendorName":"MaidSafe","_permission":{"permissionsRequested":[]}}
2017-04-22T21:38:51.352Z - debug: FFI :: Registered App successfully
2017-04-22T21:38:51.353Z - debug: Auth :: 08eecf9e-cfc2-4b57-8964-145568bd187a :: Directory key for creating an session obtained
2017-04-22T21:38:51.354Z - debug: Auth :: 08eecf9e-cfc2-4b57-8964-145568bd187a :: Creating session
2017-04-22T21:38:51.384Z - debug: Auth :: 08eecf9e-cfc2-4b57-8964-145568bd187a :: Session created
2017-04-22T21:38:51.449Z - debug: Authorised request :: 19480c9c-c22e-41f3-a451-80c752c0ab30 :: Path - /dns
2017-04-22T21:38:51.456Z - debug: Authorised request :: 19480c9c-c22e-41f3-a451-80c752c0ab30 :: Decrypted session id - oaYnafVFJ/8H+uSwxGUVuSiLFi9udXqrmDnbjD4aEwQ=
2017-04-22T21:38:51.458Z - debug: DNS - 19480c9c-c22e-41f3-a451-80c752c0ab30 :: List longnames
2017-04-22T21:38:51.459Z - debug: DNS - 19480c9c-c22e-41f3-a451-80c752c0ab30 :: Invoking listLongNames
2017-04-22T21:38:51.460Z - debug: FFI :: Get application handle
2017-04-22T21:38:51.472Z - debug: DNS - 19480c9c-c22e-41f3-a451-80c752c0ab30 :: Longnames list obtained
2017-04-22T21:38:51.484Z - debug: Authorised request :: c687abe3-1459-4460-b186-d3d185464720 :: Path - /nfs/directory/app//
2017-04-22T21:38:51.486Z - debug: Authorised request :: c687abe3-1459-4460-b186-d3d185464720 :: Decrypted session id - oaYnafVFJ/8H+uSwxGUVuSiLFi9udXqrmDnbjD4aEwQ=
2017-04-22T21:38:51.488Z - debug: NFS - c687abe3-1459-4460-b186-d3d185464720 :: GET directory
2017-04-22T21:38:51.490Z - debug: NFS  - c687abe3-1459-4460-b186-d3d185464720 :: Invoking get directory request
2017-04-22T21:38:51.491Z - debug: FFI :: Get application handle
2017-04-22T21:38:51.502Z - debug: NFS - c687abe3-1459-4460-b186-d3d185464720 :: Directory obtained
2017-04-22T21:38:54.158Z - debug: Authorised request :: 902545ef-11ec-4187-9637-482e2fd095be :: Path - /nfs/directory/app//public/
2017-04-22T21:38:54.159Z - debug: Authorised request :: 902545ef-11ec-4187-9637-482e2fd095be :: Decrypted session id - oaYnafVFJ/8H+uSwxGUVuSiLFi9udXqrmDnbjD4aEwQ=
2017-04-22T21:38:54.159Z - debug: NFS - 902545ef-11ec-4187-9637-482e2fd095be :: GET directory
2017-04-22T21:38:54.160Z - debug: NFS  - 902545ef-11ec-4187-9637-482e2fd095be :: Invoking get directory request
2017-04-22T21:38:54.160Z - debug: FFI :: Get application handle
2017-04-22T21:38:54.164Z - debug: NFS - 902545ef-11ec-4187-9637-482e2fd095be :: Directory obtained
2017-04-22T21:39:26.043Z - debug: FFI :: Get client stats - Gets count
2017-04-22T21:39:26.045Z - debug: FFI :: Get client stats - Puts count
2017-04-22T21:39:26.051Z - debug: FFI :: Get client stats - Posts count
2017-04-22T21:39:26.052Z - debug: FFI :: Get client stats - Deleted count
2017-04-22T21:39:49.164Z - debug: Authorised request :: cdbcf8a6-a1f0-42e0-b748-a79d02d4d962 :: Path - /nfs/directory/app/public/SecretChat
2017-04-22T21:39:49.167Z - debug: Authorised request :: cdbcf8a6-a1f0-42e0-b748-a79d02d4d962 :: Decrypted session id - oaYnafVFJ/8H+uSwxGUVuSiLFi9udXqrmDnbjD4aEwQ=
2017-04-22T21:39:49.170Z - debug: NFS - cdbcf8a6-a1f0-42e0-b748-a79d02d4d962 :: Create directory
2017-04-22T21:39:49.170Z - debug: NFS - cdbcf8a6-a1f0-42e0-b748-a79d02d4d962 :: Invoking create directory request - {"userMetadata":null,"metadata":"","isPrivate":false}
2017-04-22T21:39:49.171Z - debug: FFI :: Get application handle
2017-04-22T21:39:49.440Z - debug: Authorised request :: 0b12ccd2-ac2e-40f4-87aa-54f0381b1c4f :: Path - /nfs/directory/app/public/SecretChat/assets
2017-04-22T21:39:49.441Z - debug: Authorised request :: 0b12ccd2-ac2e-40f4-87aa-54f0381b1c4f :: Decrypted session id - oaYnafVFJ/8H+uSwxGUVuSiLFi9udXqrmDnbjD4aEwQ=
2017-04-22T21:39:49.443Z - debug: NFS - 0b12ccd2-ac2e-40f4-87aa-54f0381b1c4f :: Create directory
2017-04-22T21:39:49.443Z - debug: NFS - 0b12ccd2-ac2e-40f4-87aa-54f0381b1c4f :: Invoking create directory request - {"userMetadata":null,"metadata":"","isPrivate":false}
2017-04-22T21:39:49.444Z - debug: FFI :: Get application handle
2017-04-22T21:39:49.693Z - debug: Authorised request :: 8b53d18e-4cb0-4ced-843c-3c0a52181959 :: Path - /nfs/directory/app/public/SecretChat/assets/css
2017-04-22T21:39:49.694Z - debug: Authorised request :: 8b53d18e-4cb0-4ced-843c-3c0a52181959 :: Decrypted session id - oaYnafVFJ/8H+uSwxGUVuSiLFi9udXqrmDnbjD4aEwQ=
2017-04-22T21:39:49.695Z - debug: NFS - 8b53d18e-4cb0-4ced-843c-3c0a52181959 :: Create directory
2017-04-22T21:39:49.695Z - debug: NFS - 8b53d18e-4cb0-4ced-843c-3c0a52181959 :: Invoking create directory request - {"userMetadata":null,"metadata":"","isPrivate":false}
2017-04-22T21:39:49.695Z - debug: FFI :: Get application handle
2017-04-22T21:39:50.016Z - debug: Authorised request :: 22efa28a-c0fc-4a2d-9246-61d8ea0fe1f0 :: Path - /nfs/file/app//public/SecretChat/assets/css/font-awesome.min.css
2017-04-22T21:39:50.020Z - debug: Authorised request :: 22efa28a-c0fc-4a2d-9246-61d8ea0fe1f0 :: Decrypted session id - oaYnafVFJ/8H+uSwxGUVuSiLFi9udXqrmDnbjD4aEwQ=
2017-04-22T21:39:50.022Z - debug: NFS - 22efa28a-c0fc-4a2d-9246-61d8ea0fe1f0 :: Create file
2017-04-22T21:39:50.024Z - debug: NFS - 22efa28a-c0fc-4a2d-9246-61d8ea0fe1f0 :: Invoking create file request 
    - {"metadata":"","length":29063}
2017-04-22T21:39:50.026Z - debug: FFI :: Get application handle
2017-04-22T21:39:50.628Z - debug: Authorised request :: a903b788-7597-44e6-b325-176141958ad3 :: Path - /nfs/file/app//public/SecretChat/assets/css/googleapis.css
2017-04-22T21:39:50.629Z - debug: Authorised request :: a903b788-7597-44e6-b325-176141958ad3 :: Decrypted session id - oaYnafVFJ/8H+uSwxGUVuSiLFi9udXqrmDnbjD4aEwQ=
2017-04-22T21:39:50.629Z - debug: NFS - a903b788-7597-44e6-b325-176141958ad3 :: Create file
2017-04-22T21:39:50.630Z - debug: NFS - a903b788-7597-44e6-b325-176141958ad3 :: Invoking create file request 
    - {"metadata":"","length":2331}
2017-04-22T21:39:50.630Z - debug: FFI :: Get application handle
2017-04-22T21:39:50.850Z - debug: Authorised request :: 0e0a65b8-ea44-4741-ad55-8fd1fd7b3e25 :: Path - /nfs/file/app//public/SecretChat/assets/css/ie8.css
2017-04-22T21:39:50.851Z - debug: Authorised request :: 0e0a65b8-ea44-4741-ad55-8fd1fd7b3e25 :: Decrypted session id - oaYnafVFJ/8H+uSwxGUVuSiLFi9udXqrmDnbjD4aEwQ=
2017-04-22T21:39:50.852Z - debug: NFS - 0e0a65b8-ea44-4741-ad55-8fd1fd7b3e25 :: Create file
2017-04-22T21:39:50.852Z - debug: NFS - 0e0a65b8-ea44-4741-ad55-8fd1fd7b3e25 :: Invoking create file request 
    - {"metadata":"","length":473}
2017-04-22T21:39:50.852Z - debug: FFI :: Get application handle
2017-04-22T21:39:51.057Z - debug: Authorised request :: 9a3466f7-f905-4ec5-b53a-bde6f33674c6 :: Path - /nfs/file/app//public/SecretChat/assets/css/ie9.css
2017-04-22T21:39:51.058Z - debug: Authorised request :: 9a3466f7-f905-4ec5-b53a-bde6f33674c6 :: Decrypted session id - oaYnafVFJ/8H+uSwxGUVuSiLFi9udXqrmDnbjD4aEwQ=
2017-04-22T21:39:51.059Z - debug: NFS - 9a3466f7-f905-4ec5-b53a-bde6f33674c6 :: Create file
2017-04-22T21:39:51.059Z - debug: NFS - 9a3466f7-f905-4ec5-b53a-bde6f33674c6 :: Invoking create file request 
    - {"metadata":"","length":383}
2017-04-22T21:39:51.059Z - debug: FFI :: Get application handle
2017-04-22T21:39:51.217Z - debug: Authorised request :: cfd1ed9c-8f07-45ce-83cf-5449fd357448 :: Path - /nfs/directory/app/public/SecretChat/assets/css/images
2017-04-22T21:39:51.218Z - debug: Authorised request :: cfd1ed9c-8f07-45ce-83cf-5449fd357448 :: Decrypted session id - oaYnafVFJ/8H+uSwxGUVuSiLFi9udXqrmDnbjD4aEwQ=
2017-04-22T21:39:51.219Z - debug: NFS - cfd1ed9c-8f07-45ce-83cf-5449fd357448 :: Create directory
2017-04-22T21:39:51.219Z - debug: NFS - cfd1ed9c-8f07-45ce-83cf-5449fd357448 :: Invoking create directory request - {"userMetadata":null,"metadata":"","isPrivate":false}
2017-04-22T21:39:51.220Z - debug: FFI :: Get application handle
2017-04-22T21:39:51.463Z - debug: Authorised request :: 287199a3-26ab-4719-af48-6d2edd49b1ac :: Path - /nfs/file/app//public/SecretChat/assets/css/images/bg.jpg
2017-04-22T21:39:51.464Z - debug: Authorised request :: 287199a3-26ab-4719-af48-6d2edd49b1ac :: Decrypted session id - oaYnafVFJ/8H+uSwxGUVuSiLFi9udXqrmDnbjD4aEwQ=
2017-04-22T21:39:51.465Z - debug: NFS - 287199a3-26ab-4719-af48-6d2edd49b1ac :: Create file
2017-04-22T21:39:51.466Z - debug: NFS - 287199a3-26ab-4719-af48-6d2edd49b1ac :: Invoking create file request 
    - {"metadata":"","length":741708}
2017-04-22T21:39:51.466Z - debug: FFI :: Get application handle
2017-04-22T21:39:52.013Z - debug: Authorised request :: e08cc977-c594-474f-987a-b5044e7993d5 :: Path - /nfs/directory/app/public/SecretChat/assets/css/images/ie
2017-04-22T21:39:52.016Z - debug: Authorised request :: e08cc977-c594-474f-987a-b5044e7993d5 :: Decrypted session id - oaYnafVFJ/8H+uSwxGUVuSiLFi9udXqrmDnbjD4aEwQ=
2017-04-22T21:39:52.017Z - debug: NFS - e08cc977-c594-474f-987a-b5044e7993d5 :: Create directory
2017-04-22T21:39:52.018Z - debug: NFS - e08cc977-c594-474f-987a-b5044e7993d5 :: Invoking create directory request - {"userMetadata":null,"metadata":"","isPrivate":false}
2017-04-22T21:39:52.018Z - debug: FFI :: Get application handle
2017-04-22T21:39:52.319Z - debug: Authorised request :: 085871fe-7bbd-4ebb-b015-60a0d2e5f0bb :: Path - /nfs/file/app//public/SecretChat/assets/css/images/ie/footer.png
2017-04-22T21:39:52.320Z - debug: Authorised request :: 085871fe-7bbd-4ebb-b015-60a0d2e5f0bb :: Decrypted session id - oaYnafVFJ/8H+uSwxGUVuSiLFi9udXqrmDnbjD4aEwQ=
2017-04-22T21:39:52.321Z - debug: NFS - 085871fe-7bbd-4ebb-b015-60a0d2e5f0bb :: Create file
2017-04-22T21:39:52.321Z - debug: NFS - 085871fe-7bbd-4ebb-b015-60a0d2e5f0bb :: Invoking create file request 
    - {"metadata":"","length":424}
2017-04-22T21:39:52.322Z - debug: FFI :: Get application handle
2017-04-22T21:39:52.519Z - debug: Authorised request :: 2f5edb80-a86a-4a24-8915-221dfbddc9a6 :: Path - /nfs/file/app//public/SecretChat/assets/css/images/ie/footer.svg
2017-04-22T21:39:52.522Z - debug: Authorised request :: 2f5edb80-a86a-4a24-8915-221dfbddc9a6 :: Decrypted session id - oaYnafVFJ/8H+uSwxGUVuSiLFi9udXqrmDnbjD4aEwQ=
2017-04-22T21:39:52.522Z - debug: NFS - 2f5edb80-a86a-4a24-8915-221dfbddc9a6 :: Create file
2017-04-22T21:39:52.522Z - debug: NFS - 2f5edb80-a86a-4a24-8915-221dfbddc9a6 :: Invoking create file request 
    - {"metadata":"","length":432}
2017-04-22T21:39:52.523Z - debug: FFI :: Get application handle
2017-04-22T21:39:52.729Z - debug: Authorised request :: 27a6dd13-7965-4cd3-8a6c-f0b0ad12bcc6 :: Path - /nfs/file/app//public/SecretChat/assets/css/images/overlay-pattern.png
2017-04-22T21:39:52.733Z - debug: Authorised request :: 27a6dd13-7965-4cd3-8a6c-f0b0ad12bcc6 :: Decrypted session id - oaYnafVFJ/8H+uSwxGUVuSiLFi9udXqrmDnbjD4aEwQ=
2017-04-22T21:39:52.734Z - debug: NFS - 27a6dd13-7965-4cd3-8a6c-f0b0ad12bcc6 :: Create file
2017-04-22T21:39:52.734Z - debug: NFS - 27a6dd13-7965-4cd3-8a6c-f0b0ad12bcc6 :: Invoking create file request 
    - {"metadata":"","length":13892}
2017-04-22T21:39:52.735Z - debug: FFI :: Get application handle
2017-04-22T21:39:53.207Z - debug: Authorised request :: d365ab6e-17ba-4b13-902c-bfd9be4eec24 :: Path - /nfs/file/app//public/SecretChat/assets/css/images/overlay.svg
2017-04-22T21:39:53.208Z - debug: Authorised request :: d365ab6e-17ba-4b13-902c-bfd9be4eec24 :: Decrypted session id - oaYnafVFJ/8H+uSwxGUVuSiLFi9udXqrmDnbjD4aEwQ=
2017-04-22T21:39:53.211Z - debug: NFS - d365ab6e-17ba-4b13-902c-bfd9be4eec24 :: Create file
2017-04-22T21:39:53.213Z - debug: NFS - d365ab6e-17ba-4b13-902c-bfd9be4eec24 :: Invoking create file request 
    - {"metadata":"","length":785}
2017-04-22T21:39:53.214Z - debug: FFI :: Get application handle
2017-04-22T21:39:53.408Z - debug: Authorised request :: e10f5cb0-c38a-4db7-9136-eb6a50c5ea16 :: Path - /nfs/file/app//public/SecretChat/assets/css/main.css
2017-04-22T21:39:53.410Z - debug: Authorised request :: e10f5cb0-c38a-4db7-9136-eb6a50c5ea16 :: Decrypted session id - oaYnafVFJ/8H+uSwxGUVuSiLFi9udXqrmDnbjD4aEwQ=
2017-04-22T21:39:53.410Z - debug: NFS - e10f5cb0-c38a-4db7-9136-eb6a50c5ea16 :: Create file
2017-04-22T21:39:53.411Z - debug: NFS - e10f5cb0-c38a-4db7-9136-eb6a50c5ea16 :: Invoking create file request 
    - {"metadata":"","length":24343}
2017-04-22T21:39:53.412Z - debug: FFI :: Get application handle
2017-04-22T21:39:53.876Z - debug: Authorised request :: 5885aa36-8663-44cb-8a20-90abcfbcd325 :: Path - /nfs/directory/app/public/SecretChat/assets/fonts
2017-04-22T21:39:53.878Z - debug: Authorised request :: 5885aa36-8663-44cb-8a20-90abcfbcd325 :: Decrypted session id - oaYnafVFJ/8H+uSwxGUVuSiLFi9udXqrmDnbjD4aEwQ=
2017-04-22T21:39:53.879Z - debug: NFS - 5885aa36-8663-44cb-8a20-90abcfbcd325 :: Create directory
2017-04-22T21:39:53.879Z - debug: NFS - 5885aa36-8663-44cb-8a20-90abcfbcd325 :: Invoking create directory request - {"userMetadata":null,"metadata":"","isPrivate":false}
2017-04-22T21:39:53.879Z - debug: FFI :: Get application handle
2017-04-22T21:39:54.165Z - debug: Authorised request :: d14bfa4f-24b6-44e3-a3a4-54d674624de8 :: Path - /nfs/file/app//public/SecretChat/assets/fonts/FontAwesome.otf
2017-04-22T21:39:54.167Z - debug: Authorised request :: d14bfa4f-24b6-44e3-a3a4-54d674624de8 :: Decrypted session id - oaYnafVFJ/8H+uSwxGUVuSiLFi9udXqrmDnbjD4aEwQ=
2017-04-22T21:39:54.167Z - debug: NFS - d14bfa4f-24b6-44e3-a3a4-54d674624de8 :: Create file
2017-04-22T21:39:54.168Z - debug: NFS - d14bfa4f-24b6-44e3-a3a4-54d674624de8 :: Invoking create file request 
    - {"metadata":"","length":124988}
2017-04-22T21:39:54.169Z - debug: FFI :: Get application handle
2017-04-22T21:39:54.679Z - debug: Authorised request :: 77c027e8-8343-4040-b11e-c99e2a216aaf :: Path - /nfs/file/app//public/SecretChat/assets/fonts/fontawesome-webfont.eot
2017-04-22T21:39:54.680Z - debug: Authorised request :: 77c027e8-8343-4040-b11e-c99e2a216aaf :: Decrypted session id - oaYnafVFJ/8H+uSwxGUVuSiLFi9udXqrmDnbjD4aEwQ=
2017-04-22T21:39:54.681Z - debug: NFS - 77c027e8-8343-4040-b11e-c99e2a216aaf :: Create file
2017-04-22T21:39:54.681Z - debug: NFS - 77c027e8-8343-4040-b11e-c99e2a216aaf :: Invoking create file request 
    - {"metadata":"","length":76518}
2017-04-22T21:39:54.684Z - debug: FFI :: Get application handle
2017-04-22T21:39:55.174Z - debug: Authorised request :: a4300cce-7b42-4e33-82ad-d8057e7845aa :: Path - /nfs/file/app//public/SecretChat/assets/fonts/fontawesome-webfont.svg
2017-04-22T21:39:55.180Z - debug: Authorised request :: a4300cce-7b42-4e33-82ad-d8057e7845aa :: Decrypted session id - oaYnafVFJ/8H+uSwxGUVuSiLFi9udXqrmDnbjD4aEwQ=
2017-04-22T21:39:55.181Z - debug: NFS - a4300cce-7b42-4e33-82ad-d8057e7845aa :: Create file
2017-04-22T21:39:55.181Z - debug: NFS - a4300cce-7b42-4e33-82ad-d8057e7845aa :: Invoking create file request 
    - {"metadata":"","length":391622}
2017-04-22T21:39:55.182Z - debug: FFI :: Get application handle
2017-04-22T21:39:55.738Z - debug: Authorised request :: 146b57d6-88f9-46da-9d0b-8de4e71b3e55 :: Path - /nfs/file/app//public/SecretChat/assets/fonts/fontawesome-webfont.ttf
2017-04-22T21:39:55.739Z - debug: Authorised request :: 146b57d6-88f9-46da-9d0b-8de4e71b3e55 :: Decrypted session id - oaYnafVFJ/8H+uSwxGUVuSiLFi9udXqrmDnbjD4aEwQ=
2017-04-22T21:39:55.740Z - debug: NFS - 146b57d6-88f9-46da-9d0b-8de4e71b3e55 :: Create file
2017-04-22T21:39:55.740Z - debug: NFS - 146b57d6-88f9-46da-9d0b-8de4e71b3e55 :: Invoking create file request 
    - {"metadata":"","length":152796}
2017-04-22T21:39:55.740Z - debug: FFI :: Get application handle
2017-04-22T21:39:56.254Z - debug: Authorised request :: 80f997d8-e431-4a16-bdb0-772f90c6efa2 :: Path - /nfs/file/app//public/SecretChat/assets/fonts/fontawesome-webfont.woff
2017-04-22T21:39:56.255Z - debug: Authorised request :: 80f997d8-e431-4a16-bdb0-772f90c6efa2 :: Decrypted session id - oaYnafVFJ/8H+uSwxGUVuSiLFi9udXqrmDnbjD4aEwQ=
2017-04-22T21:39:56.260Z - debug: NFS - 80f997d8-e431-4a16-bdb0-772f90c6efa2 :: Create file
2017-04-22T21:39:56.260Z - debug: NFS - 80f997d8-e431-4a16-bdb0-772f90c6efa2 :: Invoking create file request 
    - {"metadata":"","length":90412}
2017-04-22T21:39:56.260Z - debug: FFI :: Get application handle
2017-04-22T21:39:56.816Z - debug: Authorised request :: 69ad5dd9-8a6e-4ecc-98c8-62e16c32a3bf :: Path - /nfs/file/app//public/SecretChat/assets/fonts/fontawesome-webfont.woff2
2017-04-22T21:39:56.817Z - debug: Authorised request :: 69ad5dd9-8a6e-4ecc-98c8-62e16c32a3bf :: Decrypted session id - oaYnafVFJ/8H+uSwxGUVuSiLFi9udXqrmDnbjD4aEwQ=
2017-04-22T21:39:56.817Z - debug: NFS - 69ad5dd9-8a6e-4ecc-98c8-62e16c32a3bf :: Create file
2017-04-22T21:39:56.817Z - debug: NFS - 69ad5dd9-8a6e-4ecc-98c8-62e16c32a3bf :: Invoking create file request 
    - {"metadata":"","length":71896}
2017-04-22T21:39:56.817Z - debug: FFI :: Get application handle
2017-04-22T21:39:57.308Z - debug: Authorised request :: 2f46029f-a94a-4112-9420-2df0fa67037c :: Path - /nfs/directory/app/public/SecretChat/assets/js
2017-04-22T21:39:57.309Z - debug: Authorised request :: 2f46029f-a94a-4112-9420-2df0fa67037c :: Decrypted session id - oaYnafVFJ/8H+uSwxGUVuSiLFi9udXqrmDnbjD4aEwQ=
2017-04-22T21:39:57.310Z - debug: NFS - 2f46029f-a94a-4112-9420-2df0fa67037c :: Create directory
2017-04-22T21:39:57.310Z - debug: NFS - 2f46029f-a94a-4112-9420-2df0fa67037c :: Invoking create directory request - {"userMetadata":null,"metadata":"","isPrivate":false}
2017-04-22T21:39:57.310Z - debug: FFI :: Get application handle
2017-04-22T21:39:57.594Z - debug: Authorised request :: 765b8e44-e108-49ae-94cd-5e61e834feb6 :: Path - /nfs/directory/app/public/SecretChat/assets/js/ie
2017-04-22T21:39:57.595Z - debug: Authorised request :: 765b8e44-e108-49ae-94cd-5e61e834feb6 :: Decrypted session id - oaYnafVFJ/8H+uSwxGUVuSiLFi9udXqrmDnbjD4aEwQ=
2017-04-22T21:39:57.596Z - debug: NFS - 765b8e44-e108-49ae-94cd-5e61e834feb6 :: Create directory
2017-04-22T21:39:57.596Z - debug: NFS - 765b8e44-e108-49ae-94cd-5e61e834feb6 :: Invoking create directory request - {"userMetadata":null,"metadata":"","isPrivate":false}
2017-04-22T21:39:57.596Z - debug: FFI :: Get application handle
2017-04-22T21:39:57.878Z - debug: Authorised request :: 1454d277-cf3b-4375-a0c1-62b557bfc543 :: Path - /nfs/file/app//public/SecretChat/assets/js/ie/html5shiv.js
2017-04-22T21:39:57.879Z - debug: Authorised request :: 1454d277-cf3b-4375-a0c1-62b557bfc543 :: Decrypted session id - oaYnafVFJ/8H+uSwxGUVuSiLFi9udXqrmDnbjD4aEwQ=
2017-04-22T21:39:57.879Z - debug: NFS - 1454d277-cf3b-4375-a0c1-62b557bfc543 :: Create file
2017-04-22T21:39:57.879Z - debug: NFS - 1454d277-cf3b-4375-a0c1-62b557bfc543 :: Invoking create file request 
    - {"metadata":"","length":2380}
2017-04-22T21:39:57.879Z - debug: FFI :: Get application handle
2017-04-22T21:39:58.090Z - debug: Authorised request :: 64dd16cf-4b10-47e9-92ff-fedd98ce766c :: Path - /nfs/file/app//public/SecretChat/assets/js/ie/PIE.htc
2017-04-22T21:39:58.091Z - debug: Authorised request :: 64dd16cf-4b10-47e9-92ff-fedd98ce766c :: Decrypted session id - oaYnafVFJ/8H+uSwxGUVuSiLFi9udXqrmDnbjD4aEwQ=
2017-04-22T21:39:58.092Z - debug: NFS - 64dd16cf-4b10-47e9-92ff-fedd98ce766c :: Create file
2017-04-22T21:39:58.092Z - debug: NFS - 64dd16cf-4b10-47e9-92ff-fedd98ce766c :: Invoking create file request 
    - {"metadata":"","length":41041}
2017-04-22T21:39:58.092Z - debug: FFI :: Get application handle
2017-04-22T21:39:58.573Z - debug: Authorised request :: 1184fe1f-aef2-4409-8316-343cb31c5407 :: Path - /nfs/file/app//public/SecretChat/assets/js/ie/respond.min.js
2017-04-22T21:39:58.573Z - debug: Authorised request :: 1184fe1f-aef2-4409-8316-343cb31c5407 :: Decrypted session id - oaYnafVFJ/8H+uSwxGUVuSiLFi9udXqrmDnbjD4aEwQ=
2017-04-22T21:39:58.576Z - debug: NFS - 1184fe1f-aef2-4409-8316-343cb31c5407 :: Create file
2017-04-22T21:39:58.577Z - debug: NFS - 1184fe1f-aef2-4409-8316-343cb31c5407 :: Invoking create file request 
    - {"metadata":"","length":4591}
2017-04-22T21:39:58.578Z - debug: FFI :: Get application handle
2017-04-22T21:39:59.063Z - debug: Authorised request :: 26fe0aef-2f1f-405d-b2e7-f709e221b162 :: Path - /nfs/file/app//public/SecretChat/favicon.png
2017-04-22T21:39:59.064Z - debug: Authorised request :: 26fe0aef-2f1f-405d-b2e7-f709e221b162 :: Decrypted session id - oaYnafVFJ/8H+uSwxGUVuSiLFi9udXqrmDnbjD4aEwQ=
2017-04-22T21:39:59.065Z - debug: NFS - 26fe0aef-2f1f-405d-b2e7-f709e221b162 :: Create file
2017-04-22T21:39:59.065Z - debug: NFS - 26fe0aef-2f1f-405d-b2e7-f709e221b162 :: Invoking create file request 
    - {"metadata":"","length":61940}
2017-04-22T21:39:59.065Z - debug: FFI :: Get application handle
2017-04-22T21:39:59.568Z - debug: Authorised request :: eb8e353e-db81-45e8-937e-7c42682cb542 :: Path - /nfs/file/app//public/SecretChat/index.html
2017-04-22T21:39:59.570Z - debug: Authorised request :: eb8e353e-db81-45e8-937e-7c42682cb542 :: Decrypted session id - oaYnafVFJ/8H+uSwxGUVuSiLFi9udXqrmDnbjD4aEwQ=
2017-04-22T21:39:59.571Z - debug: NFS - eb8e353e-db81-45e8-937e-7c42682cb542 :: Create file
2017-04-22T21:39:59.571Z - debug: NFS - eb8e353e-db81-45e8-937e-7c42682cb542 :: Invoking create file request 
    - {"metadata":"","length":7017}
2017-04-22T21:39:59.571Z - debug: FFI :: Get application handle
2017-04-22T21:40:00.081Z - debug: Authorised request :: f678f629-331e-4bfb-9b4c-5b96887e54f1 :: Path - /nfs/file/app//public/SecretChat/README.md
2017-04-22T21:40:00.086Z - debug: Authorised request :: f678f629-331e-4bfb-9b4c-5b96887e54f1 :: Decrypted session id - oaYnafVFJ/8H+uSwxGUVuSiLFi9udXqrmDnbjD4aEwQ=
2017-04-22T21:40:00.086Z - debug: NFS - f678f629-331e-4bfb-9b4c-5b96887e54f1 :: Create file
2017-04-22T21:40:00.086Z - debug: NFS - f678f629-331e-4bfb-9b4c-5b96887e54f1 :: Invoking create file request 
    - {"metadata":"","length":652}
2017-04-22T21:40:00.087Z - debug: FFI :: Get application handle
2017-04-22T21:40:00.342Z - debug: Authorised request :: 1571cc9b-e092-472f-a4e9-aae6efeaab12 :: Path - /nfs/directory/app//public/
2017-04-22T21:40:00.344Z - debug: Authorised request :: 1571cc9b-e092-472f-a4e9-aae6efeaab12 :: Decrypted session id - oaYnafVFJ/8H+uSwxGUVuSiLFi9udXqrmDnbjD4aEwQ=
2017-04-22T21:40:00.345Z - debug: NFS - 1571cc9b-e092-472f-a4e9-aae6efeaab12 :: GET directory
2017-04-22T21:40:00.346Z - debug: NFS  - 1571cc9b-e092-472f-a4e9-aae6efeaab12 :: Invoking get directory request
2017-04-22T21:40:00.346Z - debug: FFI :: Get application handle
2017-04-22T21:40:00.352Z - debug: NFS - 1571cc9b-e092-472f-a4e9-aae6efeaab12 :: Directory obtained
2017-04-22T21:40:08.484Z - debug: Unauthorised request :: aa9df329-9e44-497b-8a4c-6122265eb319 :: Path - /0.5/auth
2017-04-22T21:40:08.487Z - debug: Auth :: aa9df329-9e44-497b-8a4c-6122265eb319 :: Authorisation request received
2017-04-22T21:40:08.487Z - debug: Auth :: aa9df329-9e44-497b-8a4c-6122265eb319 :: Requesting authorisation for {"app":{"name":"safe-browser","id":"safe-browser","version":"0.4.3","vendor":"Josh Wilson"},"permissions":["SAFE_DRIVE_ACCESS"]}
2017-04-22T21:40:08.487Z - debug: Auth :: aa9df329-9e44-497b-8a4c-6122265eb319 :: Emitting event for auth request received
2017-04-22T21:40:09.955Z - info: Authorisation approved
2017-04-22T21:40:09.956Z - debug: Authorisation approved :: aa9df329-9e44-497b-8a4c-6122265eb319 - App Name 
      :: safe-browser
2017-04-22T21:40:09.956Z - debug: FFI :: Register App {"_appName":"safe-browser","_appId":"safe-browser","_version":"0.4.3","_vendorName":"Josh Wilson","_permission":{"permissionsRequested":["SAFE_DRIVE_ACCESS"]}}
2017-04-22T21:40:09.965Z - debug: FFI :: Registered App successfully
2017-04-22T21:40:09.966Z - debug: Auth :: aa9df329-9e44-497b-8a4c-6122265eb319 :: Directory key for creating an session obtained
2017-04-22T21:40:09.970Z - debug: Auth :: aa9df329-9e44-497b-8a4c-6122265eb319 :: Creating session
2017-04-22T21:40:09.978Z - debug: Auth :: aa9df329-9e44-497b-8a4c-6122265eb319 :: Session created
2017-04-22T21:40:10.554Z - debug: Authorised request :: 92d896a5-eda9-4362-88a9-098236980ec1 :: Path - /0.5/nfs/file/app/safeBrowserData.json
2017-04-22T21:40:10.556Z - debug: Authorised request :: 92d896a5-eda9-4362-88a9-098236980ec1 :: Decrypted session id - 4CC3pNCOJPgxXp4P83GujXe9M5sUrOCVuYkz9wUdFB8=
2017-04-22T21:40:10.558Z - debug: NFS - 92d896a5-eda9-4362-88a9-098236980ec1 :: Get file
2017-04-22T21:40:10.558Z - debug: NFS - 92d896a5-eda9-4362-88a9-098236980ec1 :: Invoking get file request
2017-04-22T21:40:10.559Z - debug: FFI :: Get application handle
2017-04-22T21:40:10.563Z - debug: NFS - 92d896a5-eda9-4362-88a9-098236980ec1 :: File metadata for reading - {"name":"safeBrowserData.json","metadata":"","size":2212,"createdOn":"2017-04-22T21:00:31.616Z","modifiedOn":"2017-04-22T21:00:31.618Z"}
2017-04-22T21:40:10.563Z - debug: NFS - 92d896a5-eda9-4362-88a9-098236980ec1 :: Ready to stream file for range 0 - 2212 / 2212
2017-04-22T21:40:10.568Z - debug: FFI :: Get application handle
2017-04-22T21:40:11.321Z - debug: Authorised request :: ea8908d3-ea9a-4d9f-abf1-6d05dae59f85 :: Path - /0.5/nfs/file/app/safeBrowserData.json
2017-04-22T21:40:11.322Z - debug: Authorised request :: ea8908d3-ea9a-4d9f-abf1-6d05dae59f85 :: Decrypted session id - undefined
2017-04-22T21:40:11.322Z - warn: Session ID not found
2017-04-22T21:40:19.265Z - debug: Authorised request :: cf477d6f-4825-4905-845c-32a849e3653c :: Path - /dns/upload
2017-04-22T21:40:19.266Z - debug: Authorised request :: cf477d6f-4825-4905-845c-32a849e3653c :: Decrypted session id - oaYnafVFJ/8H+uSwxGUVuSiLFi9udXqrmDnbjD4aEwQ=
2017-04-22T21:40:19.268Z - debug: DNS - cf477d6f-4825-4905-845c-32a849e3653c :: List service
2017-04-22T21:40:19.268Z - debug: DNS - cf477d6f-4825-4905-845c-32a849e3653c :: Invoking listServices API for upload
2017-04-22T21:40:19.269Z - debug: FFI :: Get application handle
2017-04-22T21:40:19.273Z - debug: DNS - cf477d6f-4825-4905-845c-32a849e3653c :: Service list obtained
2017-04-22T21:40:19.288Z - debug: Authorised request :: 576add34-6dcb-46e0-b635-80f3428022eb :: Path - /dns/wom/upload
2017-04-22T21:40:19.289Z - debug: Authorised request :: 576add34-6dcb-46e0-b635-80f3428022eb :: Decrypted session id - oaYnafVFJ/8H+uSwxGUVuSiLFi9udXqrmDnbjD4aEwQ=
2017-04-22T21:40:19.291Z - debug: DNS - 576add34-6dcb-46e0-b635-80f3428022eb :: Get home directory
2017-04-22T21:40:19.292Z - debug: DNS - Invoking Get home directory API for upload, wom
2017-04-22T21:40:19.293Z - debug: FFI :: Get application handle
2017-04-22T21:40:19.303Z - debug: DNS - 576add34-6dcb-46e0-b635-80f3428022eb :: Home directory obtained
2017-04-22T21:40:24.648Z - debug: Authorised request :: b9a53dec-5bb5-4c40-a76f-f6e9e3d8787f :: Path - /nfs/directory/app//public/
2017-04-22T21:40:24.649Z - debug: Authorised request :: b9a53dec-5bb5-4c40-a76f-f6e9e3d8787f :: Decrypted session id - oaYnafVFJ/8H+uSwxGUVuSiLFi9udXqrmDnbjD4aEwQ=
2017-04-22T21:40:24.654Z - debug: NFS - b9a53dec-5bb5-4c40-a76f-f6e9e3d8787f :: GET directory
2017-04-22T21:40:24.655Z - debug: NFS  - b9a53dec-5bb5-4c40-a76f-f6e9e3d8787f :: Invoking get directory request
2017-04-22T21:40:24.655Z - debug: FFI :: Get application handle
2017-04-22T21:40:24.662Z - debug: NFS - b9a53dec-5bb5-4c40-a76f-f6e9e3d8787f :: Directory obtained
2017-04-22T21:40:26.041Z - debug: FFI :: Get client stats - Gets count
2017-04-22T21:40:26.041Z - debug: FFI :: Get client stats - Puts count
2017-04-22T21:40:26.043Z - debug: FFI :: Get client stats - Posts count
2017-04-22T21:40:26.044Z - debug: FFI :: Get client stats - Deleted count
2017-04-22T21:40:27.170Z - debug: Authorised request :: 36bac9bc-4ce8-44fb-a0df-1893e075b3f5 :: Path - /dns
2017-04-22T21:40:27.171Z - debug: Authorised request :: 36bac9bc-4ce8-44fb-a0df-1893e075b3f5 :: Decrypted session id - oaYnafVFJ/8H+uSwxGUVuSiLFi9udXqrmDnbjD4aEwQ=
2017-04-22T21:40:27.177Z - debug: DNS - 36bac9bc-4ce8-44fb-a0df-1893e075b3f5 :: Add Service
2017-04-22T21:40:27.178Z - debug: DNS - 36bac9bc-4ce8-44fb-a0df-1893e075b3f5 :: Invoking add service API for {"longName":"upload","serviceName":"chat","serviceHomeDirPath":"/public/SecretChat/","rootPath":"app"}
2017-04-22T21:40:27.179Z - debug: FFI :: Get application handle
2017-04-22T21:40:27.179Z - debug: DNS - 36bac9bc-4ce8-44fb-a0df-1893e075b3f5 :: Service added
2017-04-22T21:40:28.818Z - debug: Authorised request :: a596cac6-8fc2-4c7e-9c71-c26cee6ea730 :: Path - /dns/upload
2017-04-22T21:40:28.819Z - debug: Authorised request :: a596cac6-8fc2-4c7e-9c71-c26cee6ea730 :: Decrypted session id - oaYnafVFJ/8H+uSwxGUVuSiLFi9udXqrmDnbjD4aEwQ=
2017-04-22T21:40:28.820Z - debug: DNS - a596cac6-8fc2-4c7e-9c71-c26cee6ea730 :: List service
2017-04-22T21:40:28.820Z - debug: DNS - a596cac6-8fc2-4c7e-9c71-c26cee6ea730 :: Invoking listServices API for upload
2017-04-22T21:40:28.820Z - debug: FFI :: Get application handle
2017-04-22T21:40:28.825Z - debug: DNS - a596cac6-8fc2-4c7e-9c71-c26cee6ea730 :: Service list obtained
2017-04-22T21:40:28.840Z - debug: Authorised request :: 9c3449c1-00ec-4487-888f-595ee4bedaf8 :: Path - /dns/chat/upload
2017-04-22T21:40:28.841Z - debug: Authorised request :: 9c3449c1-00ec-4487-888f-595ee4bedaf8 :: Decrypted session id - oaYnafVFJ/8H+uSwxGUVuSiLFi9udXqrmDnbjD4aEwQ=
2017-04-22T21:40:28.842Z - debug: DNS - 9c3449c1-00ec-4487-888f-595ee4bedaf8 :: Get home directory
2017-04-22T21:40:28.842Z - debug: DNS - Invoking Get home directory API for upload, chat
2017-04-22T21:40:28.842Z - debug: FFI :: Get application handle
2017-04-22T21:40:28.844Z - debug: Authorised request :: 6b69508e-3ed9-49de-9c3a-041c056ec375 :: Path - /dns/wom/upload
2017-04-22T21:40:28.845Z - debug: Authorised request :: 6b69508e-3ed9-49de-9c3a-041c056ec375 :: Decrypted session id - oaYnafVFJ/8H+uSwxGUVuSiLFi9udXqrmDnbjD4aEwQ=
2017-04-22T21:40:28.845Z - debug: DNS - 6b69508e-3ed9-49de-9c3a-041c056ec375 :: Get home directory
2017-04-22T21:40:28.846Z - debug: DNS - Invoking Get home directory API for upload, wom
2017-04-22T21:40:28.846Z - debug: FFI :: Get application handle
2017-04-22T21:40:28.855Z - debug: DNS - 9c3449c1-00ec-4487-888f-595ee4bedaf8 :: Home directory obtained
2017-04-22T21:40:28.865Z - debug: DNS - 6b69508e-3ed9-49de-9c3a-041c056ec375 :: Home directory obtained
2017-04-22T21:40:36.359Z - debug: Unauthorised request :: 8d570440-b526-4ebc-8a5c-8cf1a192b081 :: Path - /dns/chat/upload/index.html
2017-04-22T21:40:36.363Z - debug: DNS - 8d570440-b526-4ebc-8a5c-8cf1a192b081 :: Get file
2017-04-22T21:40:36.364Z - debug: FFI :: Get application handle
2017-04-22T21:40:36.366Z - debug: DNS - 8d570440-b526-4ebc-8a5c-8cf1a192b081 :: Ready to stream file for range 0 - 7017 / 7017
2017-04-22T21:40:36.369Z - debug: FFI :: Get application handle
2017-04-22T21:40:37.031Z - debug: Unauthorised request :: c4f259a0-fd79-4843-87e2-04e3f60ecef0 :: Path - /dns/chat/upload/assets%2Fcss%2Fmain.css
2017-04-22T21:40:37.032Z - debug: DNS - c4f259a0-fd79-4843-87e2-04e3f60ecef0 :: Get file
2017-04-22T21:40:37.032Z - debug: FFI :: Get application handle
2017-04-22T21:40:37.034Z - debug: DNS - c4f259a0-fd79-4843-87e2-04e3f60ecef0 :: Ready to stream file for range 0 - 24343 / 24343
2017-04-22T21:40:37.035Z - debug: FFI :: Get application handle
2017-04-22T21:40:37.063Z - debug: Unauthorised request :: 451b563d-1ffb-4c75-830a-27edef832721 :: Path - /dns/chat/upload/assets%2Fcss%2Fgoogleapis.css
2017-04-22T21:40:37.063Z - debug: DNS - 451b563d-1ffb-4c75-830a-27edef832721 :: Get file
2017-04-22T21:40:37.064Z - debug: FFI :: Get application handle
2017-04-22T21:40:37.064Z - debug: Unauthorised request :: 21114c91-5b6b-472a-b2f9-ab7a689d96ee :: Path - /dns/chat/upload/assets%2Fcss%2Ffont-awesome.min.css
2017-04-22T21:40:37.066Z - debug: DNS - 21114c91-5b6b-472a-b2f9-ab7a689d96ee :: Get file
2017-04-22T21:40:37.066Z - debug: FFI :: Get application handle
2017-04-22T21:40:37.067Z - debug: DNS - 451b563d-1ffb-4c75-830a-27edef832721 :: Ready to stream file for range 0 - 2331 / 2331
2017-04-22T21:40:37.068Z - debug: FFI :: Get application handle
2017-04-22T21:40:37.069Z - debug: DNS - 21114c91-5b6b-472a-b2f9-ab7a689d96ee :: Ready to stream file for range 0 - 29063 / 29063
2017-04-22T21:40:37.069Z - debug: FFI :: Get application handle
2017-04-22T21:40:37.148Z - debug: Unauthorised request :: 7a028c01-fe6d-4daf-94c4-9efc4fe76e9c :: Path - /dns/chat/upload/assets%2Fcss%2Fimages%2Fbg.jpg
2017-04-22T21:40:37.149Z - debug: DNS - 7a028c01-fe6d-4daf-94c4-9efc4fe76e9c :: Get file
2017-04-22T21:40:37.149Z - debug: FFI :: Get application handle
2017-04-22T21:40:37.151Z - debug: Unauthorised request :: 071a9092-50c4-4ed9-bd68-3bc4501b054f :: Path - /dns/chat/upload/assets%2Fcss%2Fimages%2Foverlay-pattern.png
2017-04-22T21:40:37.151Z - debug: DNS - 071a9092-50c4-4ed9-bd68-3bc4501b054f :: Get file
2017-04-22T21:40:37.152Z - debug: FFI :: Get application handle
2017-04-22T21:40:37.154Z - debug: Unauthorised request :: 23806d7d-6f35-4136-9900-cc9226e6855c :: Path - /dns/chat/upload/assets%2Fcss%2Fimages%2Foverlay.svg
2017-04-22T21:40:37.155Z - debug: DNS - 23806d7d-6f35-4136-9900-cc9226e6855c :: Get file
2017-04-22T21:40:37.155Z - debug: FFI :: Get application handle
2017-04-22T21:40:37.159Z - debug: DNS - 23806d7d-6f35-4136-9900-cc9226e6855c :: Ready to stream file for range 0 - 785 / 785
2017-04-22T21:40:37.159Z - debug: FFI :: Get application handle
2017-04-22T21:40:37.162Z - debug: DNS - 7a028c01-fe6d-4daf-94c4-9efc4fe76e9c :: Ready to stream file for range 0 - 741708 / 741708
2017-04-22T21:40:37.162Z - debug: FFI :: Get application handle
2017-04-22T21:40:37.193Z - debug: DNS - 071a9092-50c4-4ed9-bd68-3bc4501b054f :: Ready to stream file for range 0 - 13892 / 13892
2017-04-22T21:40:37.193Z - debug: FFI :: Get application handle
2017-04-22T21:40:37.517Z - debug: Unauthorised request :: 170427a8-9cb5-4d04-8845-e0d99a5d6cac :: Path - /dns/chat/upload/favicon.png
2017-04-22T21:40:37.517Z - debug: DNS - 170427a8-9cb5-4d04-8845-e0d99a5d6cac :: Get file
2017-04-22T21:40:37.517Z - debug: FFI :: Get application handle
2017-04-22T21:40:37.519Z - debug: DNS - 170427a8-9cb5-4d04-8845-e0d99a5d6cac :: Ready to stream file for range 0 - 61940 / 61940
2017-04-22T21:40:37.519Z - debug: FFI :: Get application handle
2017-04-22T21:40:38.250Z - debug: Authorised request :: f9bb5a56-be05-4d30-89b8-576beb06d37a :: Path - /0.5/nfs/file/app/safeBrowserData.json
2017-04-22T21:40:38.251Z - debug: Authorised request :: f9bb5a56-be05-4d30-89b8-576beb06d37a :: Decrypted session id - undefined
2017-04-22T21:40:38.251Z - warn: Session ID not found
2017-04-22T21:40:46.892Z - debug: Authorised request :: 6fa57f69-d5b1-4c02-9819-9b6a58e92cbf :: Path - /0.5/auth
2017-04-22T21:40:46.893Z - debug: Authorised request :: 6fa57f69-d5b1-4c02-9819-9b6a58e92cbf :: Decrypted session id - undefined
2017-04-22T21:40:46.893Z - warn: Session ID not found
2017-04-22T21:40:46.940Z - debug: Unauthorised request :: cc3889cf-1825-484e-9d64-9a1ee7e74391 :: Path - /0.5/auth
2017-04-22T21:40:46.941Z - debug: Auth :: cc3889cf-1825-484e-9d64-9a1ee7e74391 :: Authorisation request received
2017-04-22T21:40:46.942Z - debug: Auth :: cc3889cf-1825-484e-9d64-9a1ee7e74391 :: Requesting authorisation for {"app":{"name":"SecretChat by SAFE-FS","id":"Secret1","version":"0.0.1","vendor":"safe://chat.upload/"},"permissions":["SAFE_DRIVE_ACCESS"]}
2017-04-22T21:40:46.942Z - debug: Auth :: cc3889cf-1825-484e-9d64-9a1ee7e74391 :: Emitting event for auth request received
2017-04-22T21:40:48.463Z - info: Authorisation approved
2017-04-22T21:40:48.464Z - debug: Authorisation approved :: cc3889cf-1825-484e-9d64-9a1ee7e74391 - App Name 
      :: SecretChat by SAFE-FS
2017-04-22T21:40:48.464Z - debug: FFI :: Register App {"_appName":"SecretChat by SAFE-FS","_appId":"Secret1","_version":"0.0.1","_vendorName":"safe://chat.upload/","_permission":{"permissionsRequested":["SAFE_DRIVE_ACCESS"]}}
2017-04-22T21:40:48.897Z - debug: FFI :: Registered App successfully
2017-04-22T21:40:48.898Z - debug: Auth :: cc3889cf-1825-484e-9d64-9a1ee7e74391 :: Directory key for creating an session obtained
2017-04-22T21:40:48.898Z - debug: Auth :: cc3889cf-1825-484e-9d64-9a1ee7e74391 :: Creating session
2017-04-22T21:40:48.911Z - debug: Auth :: cc3889cf-1825-484e-9d64-9a1ee7e74391 :: Session created
2017-04-22T21:40:48.936Z - debug: Authorised request :: a7be4cfa-559c-4fe0-a41d-3005b5c65913 :: Path - /0.5/nfs/file/app/CURRENTCHATFILE
2017-04-22T21:40:48.937Z - debug: Authorised request :: a7be4cfa-559c-4fe0-a41d-3005b5c65913 :: Decrypted session id - IfsWMerj31SW5AVTg5MC3pbHQZflSIF2+O4S2EAAhJQ=
2017-04-22T21:40:48.937Z - debug: NFS - a7be4cfa-559c-4fe0-a41d-3005b5c65913 :: Get file
2017-04-22T21:40:48.938Z - debug: NFS - a7be4cfa-559c-4fe0-a41d-3005b5c65913 :: Invoking get file request
2017-04-22T21:40:48.938Z - debug: FFI :: Get application handle
2017-04-22T21:40:48.940Z - error: FFI :: NFS :: Get file metadata :: -1503
2017-04-22T21:40:48.950Z - warn: API Error handling :: a7be4cfa-559c-4fe0-a41d-3005b5c65913 :: Err 404 - Msg 
        :: {"errorCode":-1503,"description":"FfiError::InvalidPath"}
2017-04-22T21:41:26.146Z - debug: FFI :: Get client stats - Gets count
2017-04-22T21:41:26.147Z - debug: FFI :: Get client stats - Puts count
2017-04-22T21:41:26.147Z - debug: FFI :: Get client stats - Posts count
2017-04-22T21:41:26.148Z - debug: FFI :: Get client stats - Deleted count
2017-04-22T21:41:43.000Z - debug: Authorised request :: a22e507c-2871-49f3-bb36-cf7a7289a60f :: Path - /nfs/directory/app//public/
2017-04-22T21:41:43.002Z - debug: Authorised request :: a22e507c-2871-49f3-bb36-cf7a7289a60f :: Decrypted session id - oaYnafVFJ/8H+uSwxGUVuSiLFi9udXqrmDnbjD4aEwQ=
2017-04-22T21:41:43.003Z - debug: NFS - a22e507c-2871-49f3-bb36-cf7a7289a60f :: GET directory
2017-04-22T21:41:43.004Z - debug: NFS  - a22e507c-2871-49f3-bb36-cf7a7289a60f :: Invoking get directory request
2017-04-22T21:41:43.004Z - debug: FFI :: Get application handle
2017-04-22T21:41:43.010Z - debug: NFS - a22e507c-2871-49f3-bb36-cf7a7289a60f :: Directory obtained
2017-04-22T21:41:43.974Z - debug: Authorised request :: 7b843a26-ed4a-4ad4-a0d0-465153a3a28b :: Path - /nfs/directory/app//public/SecretChat/
2017-04-22T21:41:43.976Z - debug: Authorised request :: 7b843a26-ed4a-4ad4-a0d0-465153a3a28b :: Decrypted session id - oaYnafVFJ/8H+uSwxGUVuSiLFi9udXqrmDnbjD4aEwQ=
2017-04-22T21:41:43.977Z - debug: NFS - 7b843a26-ed4a-4ad4-a0d0-465153a3a28b :: GET directory
2017-04-22T21:41:43.978Z - debug: NFS  - 7b843a26-ed4a-4ad4-a0d0-465153a3a28b :: Invoking get directory request
2017-04-22T21:41:43.978Z - debug: FFI :: Get application handle
2017-04-22T21:41:43.983Z - debug: NFS - 7b843a26-ed4a-4ad4-a0d0-465153a3a28b :: Directory obtained
2017-04-22T21:41:44.622Z - debug: Authorised request :: 084b47e9-133c-4034-8517-9fb4e1695104 :: Path - /nfs/directory/app//public/SecretChat/assets/
2017-04-22T21:41:44.624Z - debug: Authorised request :: 084b47e9-133c-4034-8517-9fb4e1695104 :: Decrypted session id - oaYnafVFJ/8H+uSwxGUVuSiLFi9udXqrmDnbjD4aEwQ=
2017-04-22T21:41:44.625Z - debug: NFS - 084b47e9-133c-4034-8517-9fb4e1695104 :: GET directory
2017-04-22T21:41:44.625Z - debug: NFS  - 084b47e9-133c-4034-8517-9fb4e1695104 :: Invoking get directory request
2017-04-22T21:41:44.627Z - debug: FFI :: Get application handle
2017-04-22T21:41:44.632Z - debug: NFS - 084b47e9-133c-4034-8517-9fb4e1695104 :: Directory obtained
2017-04-22T21:41:47.512Z - debug: Authorised request :: 227a3580-e324-436b-a33c-e3cdd481a919 :: Path - /nfs/directory/app//public/SecretChat/assets//css
2017-04-22T21:41:47.513Z - debug: Authorised request :: 227a3580-e324-436b-a33c-e3cdd481a919 :: Decrypted session id - oaYnafVFJ/8H+uSwxGUVuSiLFi9udXqrmDnbjD4aEwQ=
2017-04-22T21:41:47.514Z - debug: NFS - 227a3580-e324-436b-a33c-e3cdd481a919 :: DELETE directory
2017-04-22T21:41:47.514Z - debug: NFS - 227a3580-e324-436b-a33c-e3cdd481a919 :: Invoking delete directory request
2017-04-22T21:41:47.515Z - debug: FFI :: Get application handle
2017-04-22T21:41:47.849Z - debug: NFS - 227a3580-e324-436b-a33c-e3cdd481a919 :: Directory deleted
2017-04-22T21:41:47.858Z - debug: Authorised request :: 0098c2fa-9a06-4c8e-a5d7-9dc1dc669271 :: Path - /nfs/directory/app//public/SecretChat/assets/
2017-04-22T21:41:47.859Z - debug: Authorised request :: 0098c2fa-9a06-4c8e-a5d7-9dc1dc669271 :: Decrypted session id - oaYnafVFJ/8H+uSwxGUVuSiLFi9udXqrmDnbjD4aEwQ=
2017-04-22T21:41:47.860Z - debug: NFS - 0098c2fa-9a06-4c8e-a5d7-9dc1dc669271 :: GET directory
2017-04-22T21:41:47.860Z - debug: NFS  - 0098c2fa-9a06-4c8e-a5d7-9dc1dc669271 :: Invoking get directory request
2017-04-22T21:41:47.860Z - debug: FFI :: Get application handle
2017-04-22T21:41:47.864Z - debug: NFS - 0098c2fa-9a06-4c8e-a5d7-9dc1dc669271 :: Directory obtained
2017-04-22T21:41:56.789Z - debug: Authorised request :: 7b6c16ad-0c6a-4e86-b9b8-02ab1530418e :: Path - /nfs/directory/app/public/SecretChat/assets/css
2017-04-22T21:41:56.790Z - debug: Authorised request :: 7b6c16ad-0c6a-4e86-b9b8-02ab1530418e :: Decrypted session id - oaYnafVFJ/8H+uSwxGUVuSiLFi9udXqrmDnbjD4aEwQ=
2017-04-22T21:41:56.791Z - debug: NFS - 7b6c16ad-0c6a-4e86-b9b8-02ab1530418e :: Create directory
2017-04-22T21:41:56.791Z - debug: NFS - 7b6c16ad-0c6a-4e86-b9b8-02ab1530418e :: Invoking create directory request - {"userMetadata":null,"metadata":"","isPrivate":false}
2017-04-22T21:41:56.792Z - debug: FFI :: Get application handle
2017-04-22T21:41:57.129Z - debug: Authorised request :: 97be3efa-c174-4321-9b9a-de5c51bd9723 :: Path - /nfs/file/app//public/SecretChat/assets/css/3.woff2
2017-04-22T21:41:57.131Z - debug: Authorised request :: 97be3efa-c174-4321-9b9a-de5c51bd9723 :: Decrypted session id - oaYnafVFJ/8H+uSwxGUVuSiLFi9udXqrmDnbjD4aEwQ=
2017-04-22T21:41:57.135Z - debug: NFS - 97be3efa-c174-4321-9b9a-de5c51bd9723 :: Create file
2017-04-22T21:41:57.135Z - debug: NFS - 97be3efa-c174-4321-9b9a-de5c51bd9723 :: Invoking create file request 
    - {"metadata":"","length":4588}
2017-04-22T21:41:57.135Z - debug: FFI :: Get application handle
2017-04-22T21:41:57.929Z - debug: Authorised request :: e6ce8ba0-4987-42f7-8a45-a715c68d6b86 :: Path - /nfs/file/app//public/SecretChat/assets/css/4.woff2
2017-04-22T21:41:57.930Z - debug: Authorised request :: e6ce8ba0-4987-42f7-8a45-a715c68d6b86 :: Decrypted session id - oaYnafVFJ/8H+uSwxGUVuSiLFi9udXqrmDnbjD4aEwQ=
2017-04-22T21:41:57.931Z - debug: NFS - e6ce8ba0-4987-42f7-8a45-a715c68d6b86 :: Create file
2017-04-22T21:41:57.931Z - debug: NFS - e6ce8ba0-4987-42f7-8a45-a715c68d6b86 :: Invoking create file request 
    - {"metadata":"","length":12396}
2017-04-22T21:41:57.931Z - debug: FFI :: Get application handle
2017-04-22T21:41:58.470Z - debug: Authorised request :: b9a7a792-28bb-4864-862d-45e0cc286588 :: Path - /nfs/file/app//public/SecretChat/assets/css/5.woff2
2017-04-22T21:41:58.471Z - debug: Authorised request :: b9a7a792-28bb-4864-862d-45e0cc286588 :: Decrypted session id - oaYnafVFJ/8H+uSwxGUVuSiLFi9udXqrmDnbjD4aEwQ=
2017-04-22T21:41:58.472Z - debug: NFS - b9a7a792-28bb-4864-862d-45e0cc286588 :: Create file
2017-04-22T21:41:58.472Z - debug: NFS - b9a7a792-28bb-4864-862d-45e0cc286588 :: Invoking create file request 
    - {"metadata":"","length":14308}
2017-04-22T21:41:58.472Z - debug: FFI :: Get application handle
2017-04-22T21:41:59.013Z - debug: Authorised request :: 9f25e9fd-9668-4439-a332-cc0dbc869f71 :: Path - /nfs/file/app//public/SecretChat/assets/css/6.woff2
2017-04-22T21:41:59.014Z - debug: Authorised request :: 9f25e9fd-9668-4439-a332-cc0dbc869f71 :: Decrypted session id - oaYnafVFJ/8H+uSwxGUVuSiLFi9udXqrmDnbjD4aEwQ=
2017-04-22T21:41:59.015Z - debug: NFS - 9f25e9fd-9668-4439-a332-cc0dbc869f71 :: Create file
2017-04-22T21:41:59.015Z - debug: NFS - 9f25e9fd-9668-4439-a332-cc0dbc869f71 :: Invoking create file request 
    - {"metadata":"","length":4368}
2017-04-22T21:41:59.016Z - debug: FFI :: Get application handle
2017-04-22T21:41:59.518Z - debug: Authorised request :: 275af81a-dcd0-4955-8c16-d4739cf7f4fc :: Path - /nfs/file/app//public/SecretChat/assets/css/7.woff2
2017-04-22T21:41:59.519Z - debug: Authorised request :: 275af81a-dcd0-4955-8c16-d4739cf7f4fc :: Decrypted session id - oaYnafVFJ/8H+uSwxGUVuSiLFi9udXqrmDnbjD4aEwQ=
2017-04-22T21:41:59.521Z - debug: NFS - 275af81a-dcd0-4955-8c16-d4739cf7f4fc :: Create file
2017-04-22T21:41:59.521Z - debug: NFS - 275af81a-dcd0-4955-8c16-d4739cf7f4fc :: Invoking create file request 
    - {"metadata":"","length":11928}
2017-04-22T21:41:59.522Z - debug: FFI :: Get application handle
2017-04-22T21:42:00.028Z - debug: Authorised request :: cf8873d7-2f5f-47d3-90c0-5ccd1e72d09d :: Path - /nfs/file/app//public/SecretChat/assets/css/8.woff2
2017-04-22T21:42:00.030Z - debug: Authorised request :: cf8873d7-2f5f-47d3-90c0-5ccd1e72d09d :: Decrypted session id - oaYnafVFJ/8H+uSwxGUVuSiLFi9udXqrmDnbjD4aEwQ=
2017-04-22T21:42:00.031Z - debug: NFS - cf8873d7-2f5f-47d3-90c0-5ccd1e72d09d :: Create file
2017-04-22T21:42:00.032Z - debug: NFS - cf8873d7-2f5f-47d3-90c0-5ccd1e72d09d :: Invoking create file request 
    - {"metadata":"","length":13408}
2017-04-22T21:42:00.032Z - debug: FFI :: Get application handle
2017-04-22T21:42:00.572Z - debug: Authorised request :: 9a4de516-aeae-41f2-8fd2-488775e0df56 :: Path - /nfs/file/app//public/SecretChat/assets/css/font-awesome.min.css
2017-04-22T21:42:00.574Z - debug: Authorised request :: 9a4de516-aeae-41f2-8fd2-488775e0df56 :: Decrypted session id - oaYnafVFJ/8H+uSwxGUVuSiLFi9udXqrmDnbjD4aEwQ=
2017-04-22T21:42:00.575Z - debug: NFS - 9a4de516-aeae-41f2-8fd2-488775e0df56 :: Create file
2017-04-22T21:42:00.575Z - debug: NFS - 9a4de516-aeae-41f2-8fd2-488775e0df56 :: Invoking create file request 
    - {"metadata":"","length":29063}
2017-04-22T21:42:00.575Z - debug: FFI :: Get application handle
2017-04-22T21:42:01.095Z - debug: Authorised request :: bbf82995-c3a9-4fc1-9a17-6d7aa1784b79 :: Path - /nfs/file/app//public/SecretChat/assets/css/googleapis.css
2017-04-22T21:42:01.097Z - debug: Authorised request :: bbf82995-c3a9-4fc1-9a17-6d7aa1784b79 :: Decrypted session id - oaYnafVFJ/8H+uSwxGUVuSiLFi9udXqrmDnbjD4aEwQ=
2017-04-22T21:42:01.097Z - debug: NFS - bbf82995-c3a9-4fc1-9a17-6d7aa1784b79 :: Create file
2017-04-22T21:42:01.098Z - debug: NFS - bbf82995-c3a9-4fc1-9a17-6d7aa1784b79 :: Invoking create file request 
    - {"metadata":"","length":1810}
2017-04-22T21:42:01.098Z - debug: FFI :: Get application handle
2017-04-22T21:42:01.315Z - debug: Authorised request :: e211ec48-fe26-468d-a862-eb4972e4dbb5 :: Path - /nfs/file/app//public/SecretChat/assets/css/ie8.css
2017-04-22T21:42:01.316Z - debug: Authorised request :: e211ec48-fe26-468d-a862-eb4972e4dbb5 :: Decrypted session id - oaYnafVFJ/8H+uSwxGUVuSiLFi9udXqrmDnbjD4aEwQ=
2017-04-22T21:42:01.317Z - debug: NFS - e211ec48-fe26-468d-a862-eb4972e4dbb5 :: Create file
2017-04-22T21:42:01.318Z - debug: NFS - e211ec48-fe26-468d-a862-eb4972e4dbb5 :: Invoking create file request 
    - {"metadata":"","length":473}
2017-04-22T21:42:01.318Z - debug: FFI :: Get application handle
2017-04-22T21:42:01.551Z - debug: Authorised request :: 3e22aad8-da37-4c39-a9a1-a047bf3dae5b :: Path - /nfs/file/app//public/SecretChat/assets/css/ie9.css
2017-04-22T21:42:01.552Z - debug: Authorised request :: 3e22aad8-da37-4c39-a9a1-a047bf3dae5b :: Decrypted session id - oaYnafVFJ/8H+uSwxGUVuSiLFi9udXqrmDnbjD4aEwQ=
2017-04-22T21:42:01.552Z - debug: NFS - 3e22aad8-da37-4c39-a9a1-a047bf3dae5b :: Create file
2017-04-22T21:42:01.553Z - debug: NFS - 3e22aad8-da37-4c39-a9a1-a047bf3dae5b :: Invoking create file request 
    - {"metadata":"","length":383}
2017-04-22T21:42:01.553Z - debug: FFI :: Get application handle
2017-04-22T21:42:01.761Z - debug: Authorised request :: 0b98a858-4418-49f2-a68e-c3956e95f5a5 :: Path - /nfs/directory/app/public/SecretChat/assets/css/images
2017-04-22T21:42:01.762Z - debug: Authorised request :: 0b98a858-4418-49f2-a68e-c3956e95f5a5 :: Decrypted session id - oaYnafVFJ/8H+uSwxGUVuSiLFi9udXqrmDnbjD4aEwQ=
2017-04-22T21:42:01.764Z - debug: NFS - 0b98a858-4418-49f2-a68e-c3956e95f5a5 :: Create directory
2017-04-22T21:42:01.764Z - debug: NFS - 0b98a858-4418-49f2-a68e-c3956e95f5a5 :: Invoking create directory request - {"userMetadata":null,"metadata":"","isPrivate":false}
2017-04-22T21:42:01.764Z - debug: FFI :: Get application handle
2017-04-22T21:42:02.075Z - debug: Authorised request :: 54d2d70a-e0ff-4ee4-b93b-36d233e5bba6 :: Path - /nfs/file/app//public/SecretChat/assets/css/images/bg.jpg
2017-04-22T21:42:02.087Z - debug: Authorised request :: 54d2d70a-e0ff-4ee4-b93b-36d233e5bba6 :: Decrypted session id - oaYnafVFJ/8H+uSwxGUVuSiLFi9udXqrmDnbjD4aEwQ=
2017-04-22T21:42:02.091Z - debug: NFS - 54d2d70a-e0ff-4ee4-b93b-36d233e5bba6 :: Create file
2017-04-22T21:42:02.092Z - debug: NFS - 54d2d70a-e0ff-4ee4-b93b-36d233e5bba6 :: Invoking create file request 
    - {"metadata":"","length":741708}
2017-04-22T21:42:02.092Z - debug: FFI :: Get application handle
2017-04-22T21:42:02.742Z - debug: Authorised request :: 7ca5f4fe-f8b1-43af-9b41-3e83d2692c48 :: Path - /nfs/directory/app/public/SecretChat/assets/css/images/ie
2017-04-22T21:42:02.743Z - debug: Authorised request :: 7ca5f4fe-f8b1-43af-9b41-3e83d2692c48 :: Decrypted session id - oaYnafVFJ/8H+uSwxGUVuSiLFi9udXqrmDnbjD4aEwQ=
2017-04-22T21:42:02.745Z - debug: NFS - 7ca5f4fe-f8b1-43af-9b41-3e83d2692c48 :: Create directory
2017-04-22T21:42:02.746Z - debug: NFS - 7ca5f4fe-f8b1-43af-9b41-3e83d2692c48 :: Invoking create directory request - {"userMetadata":null,"metadata":"","isPrivate":false}
2017-04-22T21:42:02.746Z - debug: FFI :: Get application handle
2017-04-22T21:42:03.058Z - debug: Authorised request :: 64719e6f-880e-4715-99cd-be70d2c92903 :: Path - /nfs/file/app//public/SecretChat/assets/css/images/ie/footer.png
2017-04-22T21:42:03.060Z - debug: Authorised request :: 64719e6f-880e-4715-99cd-be70d2c92903 :: Decrypted session id - oaYnafVFJ/8H+uSwxGUVuSiLFi9udXqrmDnbjD4aEwQ=
2017-04-22T21:42:03.061Z - debug: NFS - 64719e6f-880e-4715-99cd-be70d2c92903 :: Create file
2017-04-22T21:42:03.061Z - debug: NFS - 64719e6f-880e-4715-99cd-be70d2c92903 :: Invoking create file request 
    - {"metadata":"","length":424}
2017-04-22T21:42:03.062Z - debug: FFI :: Get application handle
2017-04-22T21:42:03.280Z - debug: Authorised request :: 4e77d402-4fe1-494a-9b00-7a8ce5ef5469 :: Path - /nfs/file/app//public/SecretChat/assets/css/images/ie/footer.svg
2017-04-22T21:42:03.282Z - debug: Authorised request :: 4e77d402-4fe1-494a-9b00-7a8ce5ef5469 :: Decrypted session id - oaYnafVFJ/8H+uSwxGUVuSiLFi9udXqrmDnbjD4aEwQ=
2017-04-22T21:42:03.282Z - debug: NFS - 4e77d402-4fe1-494a-9b00-7a8ce5ef5469 :: Create file
2017-04-22T21:42:03.283Z - debug: NFS - 4e77d402-4fe1-494a-9b00-7a8ce5ef5469 :: Invoking create file request 
    - {"metadata":"","length":432}
2017-04-22T21:42:03.283Z - debug: FFI :: Get application handle
2017-04-22T21:42:03.512Z - debug: Authorised request :: 142364ed-a8ac-4391-ae19-db743cc7aa8f :: Path - /nfs/file/app//public/SecretChat/assets/css/images/overlay-pattern.png
2017-04-22T21:42:03.515Z - debug: Authorised request :: 142364ed-a8ac-4391-ae19-db743cc7aa8f :: Decrypted session id - oaYnafVFJ/8H+uSwxGUVuSiLFi9udXqrmDnbjD4aEwQ=
2017-04-22T21:42:03.516Z - debug: NFS - 142364ed-a8ac-4391-ae19-db743cc7aa8f :: Create file
2017-04-22T21:42:03.516Z - debug: NFS - 142364ed-a8ac-4391-ae19-db743cc7aa8f :: Invoking create file request 
    - {"metadata":"","length":13892}
2017-04-22T21:42:03.516Z - debug: FFI :: Get application handle
2017-04-22T21:42:04.047Z - debug: Authorised request :: b5705f76-35a4-43f1-b246-3c8515c78ded :: Path - /nfs/file/app//public/SecretChat/assets/css/images/overlay.svg
2017-04-22T21:42:04.056Z - debug: Authorised request :: b5705f76-35a4-43f1-b246-3c8515c78ded :: Decrypted session id - oaYnafVFJ/8H+uSwxGUVuSiLFi9udXqrmDnbjD4aEwQ=
2017-04-22T21:42:04.057Z - debug: NFS - b5705f76-35a4-43f1-b246-3c8515c78ded :: Create file
2017-04-22T21:42:04.057Z - debug: NFS - b5705f76-35a4-43f1-b246-3c8515c78ded :: Invoking create file request 
    - {"metadata":"","length":785}
2017-04-22T21:42:04.057Z - debug: FFI :: Get application handle
2017-04-22T21:42:04.287Z - debug: Authorised request :: 6c50ebb0-4452-4973-9c32-7391f192afdb :: Path - /nfs/file/app//public/SecretChat/assets/css/main.css
2017-04-22T21:42:04.288Z - debug: Authorised request :: 6c50ebb0-4452-4973-9c32-7391f192afdb :: Decrypted session id - oaYnafVFJ/8H+uSwxGUVuSiLFi9udXqrmDnbjD4aEwQ=
2017-04-22T21:42:04.289Z - debug: NFS - 6c50ebb0-4452-4973-9c32-7391f192afdb :: Create file
2017-04-22T21:42:04.290Z - debug: NFS - 6c50ebb0-4452-4973-9c32-7391f192afdb :: Invoking create file request 
    - {"metadata":"","length":24343}
2017-04-22T21:42:04.290Z - debug: FFI :: Get application handle
2017-04-22T21:42:04.794Z - debug: Authorised request :: a9a2ec5d-4d76-43a0-9ec9-f46d65ff85d7 :: Path - /nfs/directory/app//public/SecretChat/assets/
2017-04-22T21:42:04.795Z - debug: Authorised request :: a9a2ec5d-4d76-43a0-9ec9-f46d65ff85d7 :: Decrypted session id - oaYnafVFJ/8H+uSwxGUVuSiLFi9udXqrmDnbjD4aEwQ=
2017-04-22T21:42:04.795Z - debug: NFS - a9a2ec5d-4d76-43a0-9ec9-f46d65ff85d7 :: GET directory
2017-04-22T21:42:04.796Z - debug: NFS  - a9a2ec5d-4d76-43a0-9ec9-f46d65ff85d7 :: Invoking get directory request
2017-04-22T21:42:04.796Z - debug: FFI :: Get application handle
2017-04-22T21:42:04.807Z - debug: NFS - a9a2ec5d-4d76-43a0-9ec9-f46d65ff85d7 :: Directory obtained
2017-04-22T21:42:09.459Z - debug: Unauthorised request :: a7a03392-b1ba-4f05-bd08-69979b6a7eb3 :: Path - /dns/chat/upload/index.html
2017-04-22T21:42:09.460Z - debug: DNS - a7a03392-b1ba-4f05-bd08-69979b6a7eb3 :: Get file
2017-04-22T21:42:09.462Z - debug: FFI :: Get application handle
2017-04-22T21:42:09.472Z - debug: DNS - a7a03392-b1ba-4f05-bd08-69979b6a7eb3 :: Ready to stream file for range 0 - 7017 / 7017
2017-04-22T21:42:09.474Z - debug: FFI :: Get application handle
2017-04-22T21:42:10.128Z - debug: Unauthorised request :: ddd3adee-e2e9-4643-b8b4-020c485c53f7 :: Path - /dns/chat/upload/assets%2Fcss%2Fmain.css
2017-04-22T21:42:10.129Z - debug: DNS - ddd3adee-e2e9-4643-b8b4-020c485c53f7 :: Get file
2017-04-22T21:42:10.130Z - debug: FFI :: Get application handle
2017-04-22T21:42:10.134Z - debug: DNS - ddd3adee-e2e9-4643-b8b4-020c485c53f7 :: Ready to stream file for range 0 - 24343 / 24343
2017-04-22T21:42:10.136Z - debug: FFI :: Get application handle
2017-04-22T21:42:10.157Z - debug: Unauthorised request :: 94165af1-a17d-4004-bac7-259c46adee9c :: Path - /dns/chat/upload/assets%2Fcss%2Fgoogleapis.css
2017-04-22T21:42:10.157Z - debug: DNS - 94165af1-a17d-4004-bac7-259c46adee9c :: Get file
2017-04-22T21:42:10.158Z - debug: FFI :: Get application handle
2017-04-22T21:42:10.159Z - debug: Unauthorised request :: 69da0796-2374-423d-a3f3-e45fb066bd32 :: Path - /dns/chat/upload/assets%2Fcss%2Ffont-awesome.min.css
2017-04-22T21:42:10.159Z - debug: DNS - 69da0796-2374-423d-a3f3-e45fb066bd32 :: Get file
2017-04-22T21:42:10.161Z - debug: FFI :: Get application handle
2017-04-22T21:42:10.162Z - debug: DNS - 94165af1-a17d-4004-bac7-259c46adee9c :: Ready to stream file for range 0 - 1810 / 1810
2017-04-22T21:42:10.163Z - debug: FFI :: Get application handle
2017-04-22T21:42:10.164Z - debug: DNS - 69da0796-2374-423d-a3f3-e45fb066bd32 :: Ready to stream file for range 0 - 29063 / 29063
2017-04-22T21:42:10.165Z - debug: FFI :: Get application handle
2017-04-22T21:42:10.239Z - debug: Unauthorised request :: c6054f2d-f654-445d-8fe1-c03b9b7b0a6a :: Path - /dns/chat/upload/assets%2Fcss%2Fimages%2Fbg.jpg
2017-04-22T21:42:10.240Z - debug: DNS - c6054f2d-f654-445d-8fe1-c03b9b7b0a6a :: Get file
2017-04-22T21:42:10.240Z - debug: FFI :: Get application handle
2017-04-22T21:42:10.242Z - debug: Unauthorised request :: a22213a6-ff98-41f7-aca6-9537ba32e6af :: Path - /dns/chat/upload/assets%2Fcss%2Fimages%2Foverlay-pattern.png
2017-04-22T21:42:10.243Z - debug: DNS - a22213a6-ff98-41f7-aca6-9537ba32e6af :: Get file
2017-04-22T21:42:10.243Z - debug: FFI :: Get application handle
2017-04-22T21:42:10.244Z - debug: Unauthorised request :: 8be49841-f317-497a-900f-8e5bf83a2d62 :: Path - /dns/chat/upload/assets%2Fcss%2Fimages%2Foverlay.svg
2017-04-22T21:42:10.245Z - debug: DNS - 8be49841-f317-497a-900f-8e5bf83a2d62 :: Get file
2017-04-22T21:42:10.245Z - debug: FFI :: Get application handle
2017-04-22T21:42:10.248Z - debug: DNS - c6054f2d-f654-445d-8fe1-c03b9b7b0a6a :: Ready to stream file for range 0 - 741708 / 741708
2017-04-22T21:42:10.249Z - debug: FFI :: Get application handle
2017-04-22T21:42:10.257Z - debug: DNS - a22213a6-ff98-41f7-aca6-9537ba32e6af :: Ready to stream file for range 0 - 13892 / 13892
2017-04-22T21:42:10.262Z - debug: FFI :: Get application handle
2017-04-22T21:42:10.269Z - debug: DNS - 8be49841-f317-497a-900f-8e5bf83a2d62 :: Ready to stream file for range 0 - 785 / 785
2017-04-22T21:42:10.270Z - debug: FFI :: Get application handle
2017-04-22T21:42:10.272Z - debug: Unauthorised request :: e8e4bef8-421b-44ab-b171-cacef45a0f20 :: Path - /dns/chat/upload/assets%2Fcss%2F8.woff2
2017-04-22T21:42:10.273Z - debug: DNS - e8e4bef8-421b-44ab-b171-cacef45a0f20 :: Get file
2017-04-22T21:42:10.274Z - debug: FFI :: Get application handle
2017-04-22T21:42:10.276Z - debug: Unauthorised request :: 58201b40-a2bd-4aaf-ae2b-2642114eb5d5 :: Path - /dns/chat/upload/assets%2Fcss%2F5.woff2
2017-04-22T21:42:10.277Z - debug: DNS - 58201b40-a2bd-4aaf-ae2b-2642114eb5d5 :: Get file
2017-04-22T21:42:10.277Z - debug: FFI :: Get application handle
2017-04-22T21:42:10.327Z - debug: DNS - e8e4bef8-421b-44ab-b171-cacef45a0f20 :: Ready to stream file for range 0 - 13408 / 13408
2017-04-22T21:42:10.328Z - debug: FFI :: Get application handle
2017-04-22T21:42:10.329Z - debug: DNS - 58201b40-a2bd-4aaf-ae2b-2642114eb5d5 :: Ready to stream file for range 0 - 14308 / 14308
2017-04-22T21:42:10.329Z - debug: FFI :: Get application handle
2017-04-22T21:42:11.126Z - debug: Authorised request :: 3070d787-b86a-4c08-bdad-071bc39df760 :: Path - /0.5/nfs/file/app/safeBrowserData.json
2017-04-22T21:42:11.126Z - debug: Authorised request :: 3070d787-b86a-4c08-bdad-071bc39df760 :: Decrypted session id - undefined
2017-04-22T21:42:11.126Z - warn: Session ID not found
2017-04-22T21:42:26.157Z - debug: FFI :: Get client stats - Gets count
2017-04-22T21:42:26.158Z - debug: FFI :: Get client stats - Puts count
2017-04-22T21:42:26.159Z - debug: FFI :: Get client stats - Posts count
2017-04-22T21:42:26.159Z - debug: FFI :: Get client stats - Deleted count
2017-04-22T21:43:26.147Z - debug: FFI :: Get client stats - Gets count
2017-04-22T21:43:26.148Z - debug: FFI :: Get client stats - Puts count
2017-04-22T21:43:26.149Z - debug: FFI :: Get client stats - Posts count
2017-04-22T21:43:26.150Z - debug: FFI :: Get client stats - Deleted count
2017-04-22T21:44:26.146Z - debug: FFI :: Get client stats - Gets count
2017-04-22T21:44:26.147Z - debug: FFI :: Get client stats - Puts count
2017-04-22T21:44:26.147Z - debug: FFI :: Get client stats - Posts count
2017-04-22T21:44:26.148Z - debug: FFI :: Get client stats - Deleted count
2017-04-22T21:44:46.434Z - debug: Authorised request :: 06c39c7f-aa9e-4bde-8c8a-a15e2f1af3c3 :: Path - /nfs/directory/app//public/SecretChat/
2017-04-22T21:44:46.435Z - debug: Authorised request :: 06c39c7f-aa9e-4bde-8c8a-a15e2f1af3c3 :: Decrypted session id - oaYnafVFJ/8H+uSwxGUVuSiLFi9udXqrmDnbjD4aEwQ=
2017-04-22T21:44:46.436Z - debug: NFS - 06c39c7f-aa9e-4bde-8c8a-a15e2f1af3c3 :: GET directory
2017-04-22T21:44:46.437Z - debug: NFS  - 06c39c7f-aa9e-4bde-8c8a-a15e2f1af3c3 :: Invoking get directory request
2017-04-22T21:44:46.437Z - debug: FFI :: Get application handle
2017-04-22T21:44:46.442Z - debug: NFS - 06c39c7f-aa9e-4bde-8c8a-a15e2f1af3c3 :: Directory obtained
2017-04-22T21:44:52.513Z - debug: Authorised request :: 1879ec04-0757-4758-8468-fd58d5f42895 :: Path - /nfs/file/app//public/SecretChat//index.html
2017-04-22T21:44:52.514Z - debug: Authorised request :: 1879ec04-0757-4758-8468-fd58d5f42895 :: Decrypted session id - oaYnafVFJ/8H+uSwxGUVuSiLFi9udXqrmDnbjD4aEwQ=
2017-04-22T21:44:52.515Z - debug: NFS - 1879ec04-0757-4758-8468-fd58d5f42895 :: Delete file
2017-04-22T21:44:52.515Z - debug: NFS - 1879ec04-0757-4758-8468-fd58d5f42895 :: Invoking delete file request
2017-04-22T21:44:52.516Z - debug: FFI :: Get application handle
2017-04-22T21:44:52.803Z - debug: Authorised request :: b3379e8f-03c4-4814-8a38-480eb8338928 :: Path - /nfs/directory/app//public/SecretChat/
2017-04-22T21:44:52.803Z - debug: Authorised request :: b3379e8f-03c4-4814-8a38-480eb8338928 :: Decrypted session id - oaYnafVFJ/8H+uSwxGUVuSiLFi9udXqrmDnbjD4aEwQ=
2017-04-22T21:44:52.804Z - debug: NFS - b3379e8f-03c4-4814-8a38-480eb8338928 :: GET directory
2017-04-22T21:44:52.804Z - debug: NFS  - b3379e8f-03c4-4814-8a38-480eb8338928 :: Invoking get directory request
2017-04-22T21:44:52.804Z - debug: FFI :: Get application handle
2017-04-22T21:44:52.809Z - debug: NFS - b3379e8f-03c4-4814-8a38-480eb8338928 :: Directory obtained
2017-04-22T21:44:57.474Z - debug: Authorised request :: ee5575f7-c216-4173-bfb7-eabedee9ad59 :: Path - /nfs/file/app//public/SecretChat/favicon2.png
2017-04-22T21:44:57.475Z - debug: Authorised request :: ee5575f7-c216-4173-bfb7-eabedee9ad59 :: Decrypted session id - oaYnafVFJ/8H+uSwxGUVuSiLFi9udXqrmDnbjD4aEwQ=
2017-04-22T21:44:57.475Z - debug: NFS - ee5575f7-c216-4173-bfb7-eabedee9ad59 :: Create file
2017-04-22T21:44:57.475Z - debug: NFS - ee5575f7-c216-4173-bfb7-eabedee9ad59 :: Invoking create file request 
    - {"metadata":"","length":38565}
2017-04-22T21:44:57.475Z - debug: FFI :: Get application handle
2017-04-22T21:44:57.990Z - debug: Authorised request :: c498816d-e66b-4184-8eb3-4bd866472d9b :: Path - /nfs/directory/app//public/SecretChat/
2017-04-22T21:44:57.994Z - debug: Authorised request :: c498816d-e66b-4184-8eb3-4bd866472d9b :: Decrypted session id - oaYnafVFJ/8H+uSwxGUVuSiLFi9udXqrmDnbjD4aEwQ=
2017-04-22T21:44:57.996Z - debug: NFS - c498816d-e66b-4184-8eb3-4bd866472d9b :: GET directory
2017-04-22T21:44:57.996Z - debug: NFS  - c498816d-e66b-4184-8eb3-4bd866472d9b :: Invoking get directory request
2017-04-22T21:44:57.996Z - debug: FFI :: Get application handle
2017-04-22T21:44:58.003Z - debug: NFS - c498816d-e66b-4184-8eb3-4bd866472d9b :: Directory obtained
2017-04-22T21:45:02.847Z - debug: Authorised request :: 41c8db54-0974-4d78-9590-46ecbd35c605 :: Path - /nfs/file/app//public/SecretChat/index.html
2017-04-22T21:45:02.848Z - debug: Authorised request :: 41c8db54-0974-4d78-9590-46ecbd35c605 :: Decrypted session id - oaYnafVFJ/8H+uSwxGUVuSiLFi9udXqrmDnbjD4aEwQ=
2017-04-22T21:45:02.849Z - debug: NFS - 41c8db54-0974-4d78-9590-46ecbd35c605 :: Create file
2017-04-22T21:45:02.849Z - debug: NFS - 41c8db54-0974-4d78-9590-46ecbd35c605 :: Invoking create file request 
    - {"metadata":"","length":7018}
2017-04-22T21:45:02.849Z - debug: FFI :: Get application handle
2017-04-22T21:45:03.376Z - debug: Authorised request :: 536ccfc1-73a2-4d01-8e33-2347252942b0 :: Path - /nfs/directory/app//public/SecretChat/
2017-04-22T21:45:03.377Z - debug: Authorised request :: 536ccfc1-73a2-4d01-8e33-2347252942b0 :: Decrypted session id - oaYnafVFJ/8H+uSwxGUVuSiLFi9udXqrmDnbjD4aEwQ=
2017-04-22T21:45:03.377Z - debug: NFS - 536ccfc1-73a2-4d01-8e33-2347252942b0 :: GET directory
2017-04-22T21:45:03.378Z - debug: NFS  - 536ccfc1-73a2-4d01-8e33-2347252942b0 :: Invoking get directory request
2017-04-22T21:45:03.380Z - debug: FFI :: Get application handle
2017-04-22T21:45:03.385Z - debug: NFS - 536ccfc1-73a2-4d01-8e33-2347252942b0 :: Directory obtained
2017-04-22T21:45:07.604Z - debug: Unauthorised request :: 709edbc1-0f57-4aef-a9ad-ebaf88659be0 :: Path - /dns/chat/upload/index.html
2017-04-22T21:45:07.605Z - debug: DNS - 709edbc1-0f57-4aef-a9ad-ebaf88659be0 :: Get file
2017-04-22T21:45:07.606Z - debug: FFI :: Get application handle
2017-04-22T21:45:07.610Z - debug: DNS - 709edbc1-0f57-4aef-a9ad-ebaf88659be0 :: Ready to stream file for range 0 - 7018 / 7018
2017-04-22T21:45:07.613Z - debug: FFI :: Get application handle
2017-04-22T21:45:08.252Z - debug: Unauthorised request :: a3f6118a-8414-43d0-bfc3-1cbd2f5c6a81 :: Path - /dns/chat/upload/assets%2Fcss%2Fmain.css
2017-04-22T21:45:08.253Z - debug: DNS - a3f6118a-8414-43d0-bfc3-1cbd2f5c6a81 :: Get file
2017-04-22T21:45:08.254Z - debug: FFI :: Get application handle
2017-04-22T21:45:08.260Z - debug: DNS - a3f6118a-8414-43d0-bfc3-1cbd2f5c6a81 :: Ready to stream file for range 0 - 24343 / 24343
2017-04-22T21:45:08.262Z - debug: FFI :: Get application handle
2017-04-22T21:45:08.272Z - debug: Unauthorised request :: 17994adf-4e72-427b-a540-a2e8a3baa981 :: Path - /dns/chat/upload/assets%2Fcss%2Fgoogleapis.css
2017-04-22T21:45:08.273Z - debug: DNS - 17994adf-4e72-427b-a540-a2e8a3baa981 :: Get file
2017-04-22T21:45:08.273Z - debug: FFI :: Get application handle
2017-04-22T21:45:08.274Z - debug: Unauthorised request :: a7c40a57-a9a0-4979-aa85-3db047933415 :: Path - /dns/chat/upload/assets%2Fcss%2Ffont-awesome.min.css
2017-04-22T21:45:08.275Z - debug: DNS - a7c40a57-a9a0-4979-aa85-3db047933415 :: Get file
2017-04-22T21:45:08.275Z - debug: FFI :: Get application handle
2017-04-22T21:45:08.280Z - debug: DNS - a7c40a57-a9a0-4979-aa85-3db047933415 :: Ready to stream file for range 0 - 29063 / 29063
2017-04-22T21:45:08.281Z - debug: FFI :: Get application handle
2017-04-22T21:45:08.284Z - debug: DNS - 17994adf-4e72-427b-a540-a2e8a3baa981 :: Ready to stream file for range 0 - 1810 / 1810
2017-04-22T21:45:08.284Z - debug: FFI :: Get application handle
2017-04-22T21:45:08.353Z - debug: Unauthorised request :: 34549704-f8f6-4e38-8cf5-248da68cecd5 :: Path - /dns/chat/upload/assets%2Fcss%2Fimages%2Fbg.jpg
2017-04-22T21:45:08.354Z - debug: DNS - 34549704-f8f6-4e38-8cf5-248da68cecd5 :: Get file
2017-04-22T21:45:08.354Z - debug: FFI :: Get application handle
2017-04-22T21:45:08.355Z - debug: Unauthorised request :: 897691b1-17c6-4b38-8a17-1c49d3d35376 :: Path - /dns/chat/upload/assets%2Fcss%2Fimages%2Foverlay-pattern.png
2017-04-22T21:45:08.360Z - debug: DNS - 897691b1-17c6-4b38-8a17-1c49d3d35376 :: Get file
2017-04-22T21:45:08.366Z - debug: FFI :: Get application handle
2017-04-22T21:45:08.374Z - debug: Unauthorised request :: 2f5fbd28-1ef6-4c88-a7f9-b57c94ac8bd0 :: Path - /dns/chat/upload/assets%2Fcss%2Fimages%2Foverlay.svg
2017-04-22T21:45:08.375Z - debug: DNS - 2f5fbd28-1ef6-4c88-a7f9-b57c94ac8bd0 :: Get file
2017-04-22T21:45:08.375Z - debug: FFI :: Get application handle
2017-04-22T21:45:08.379Z - debug: DNS - 34549704-f8f6-4e38-8cf5-248da68cecd5 :: Ready to stream file for range 0 - 741708 / 741708
2017-04-22T21:45:08.380Z - debug: FFI :: Get application handle
2017-04-22T21:45:08.381Z - debug: DNS - 897691b1-17c6-4b38-8a17-1c49d3d35376 :: Ready to stream file for range 0 - 13892 / 13892
2017-04-22T21:45:08.382Z - debug: FFI :: Get application handle
2017-04-22T21:45:08.383Z - debug: Unauthorised request :: 21bcae36-b965-4238-8e22-ffaf02cd1196 :: Path - /dns/chat/upload/assets%2Fcss%2F8.woff2
2017-04-22T21:45:08.383Z - debug: DNS - 21bcae36-b965-4238-8e22-ffaf02cd1196 :: Get file
2017-04-22T21:45:08.384Z - debug: FFI :: Get application handle
2017-04-22T21:45:08.387Z - debug: Unauthorised request :: 4c53496c-7119-4cc7-9a17-1100c92ab696 :: Path - /dns/chat/upload/assets%2Fcss%2F5.woff2
2017-04-22T21:45:08.388Z - debug: DNS - 4c53496c-7119-4cc7-9a17-1100c92ab696 :: Get file
2017-04-22T21:45:08.388Z - debug: FFI :: Get application handle
2017-04-22T21:45:08.395Z - debug: DNS - 2f5fbd28-1ef6-4c88-a7f9-b57c94ac8bd0 :: Ready to stream file for range 0 - 785 / 785
2017-04-22T21:45:08.397Z - debug: FFI :: Get application handle
2017-04-22T21:45:08.412Z - debug: DNS - 21bcae36-b965-4238-8e22-ffaf02cd1196 :: Ready to stream file for range 0 - 13408 / 13408
2017-04-22T21:45:08.415Z - debug: FFI :: Get application handle
2017-04-22T21:45:08.418Z - debug: DNS - 4c53496c-7119-4cc7-9a17-1100c92ab696 :: Ready to stream file for range 0 - 14308 / 14308
2017-04-22T21:45:08.418Z - debug: FFI :: Get application handle
2017-04-22T21:45:08.482Z - debug: Unauthorised request :: a3c9da66-782e-4a3f-be5f-65d61821a842 :: Path - /dns/chat/upload/favicon2.png
2017-04-22T21:45:08.483Z - debug: DNS - a3c9da66-782e-4a3f-be5f-65d61821a842 :: Get file
2017-04-22T21:45:08.483Z - debug: FFI :: Get application handle
2017-04-22T21:45:08.485Z - debug: DNS - a3c9da66-782e-4a3f-be5f-65d61821a842 :: Ready to stream file for range 0 - 38565 / 38565
2017-04-22T21:45:08.486Z - debug: FFI :: Get application handle
2017-04-22T21:45:09.208Z - debug: Authorised request :: c77ffee7-f6d7-407a-8735-e6f0094e6f5e :: Path - /0.5/nfs/file/app/safeBrowserData.json
2017-04-22T21:45:09.210Z - debug: Authorised request :: c77ffee7-f6d7-407a-8735-e6f0094e6f5e :: Decrypted session id - undefined
2017-04-22T21:45:09.210Z - warn: Session ID not found
2017-04-22T21:45:15.628Z - debug: Authorised request :: d0b0cbf5-c03c-4217-8528-b1828072813f :: Path - /0.5/auth
2017-04-22T21:45:15.628Z - debug: Authorised request :: d0b0cbf5-c03c-4217-8528-b1828072813f :: Decrypted session id - IfsWMerj31SW5AVTg5MC3pbHQZflSIF2+O4S2EAAhJQ=
2017-04-22T21:45:15.630Z - debug: Auth :: d0b0cbf5-c03c-4217-8528-b1828072813f :: Check authorisation token valid
2017-04-22T21:45:15.630Z - debug: Auth :: d0b0cbf5-c03c-4217-8528-b1828072813f :: Authorisation token valid
2017-04-22T21:45:15.646Z - debug: Authorised request :: b4e9e7d7-e614-4b16-880d-1342c0fc9b74 :: Path - /0.5/nfs/file/app/CURRENTCHATFILE
2017-04-22T21:45:15.647Z - debug: Authorised request :: b4e9e7d7-e614-4b16-880d-1342c0fc9b74 :: Decrypted session id - IfsWMerj31SW5AVTg5MC3pbHQZflSIF2+O4S2EAAhJQ=
2017-04-22T21:45:15.648Z - debug: NFS - b4e9e7d7-e614-4b16-880d-1342c0fc9b74 :: Get file
2017-04-22T21:45:15.648Z - debug: NFS - b4e9e7d7-e614-4b16-880d-1342c0fc9b74 :: Invoking get file request
2017-04-22T21:45:15.648Z - debug: FFI :: Get application handle
2017-04-22T21:45:15.650Z - error: FFI :: NFS :: Get file metadata :: -1503
2017-04-22T21:45:15.653Z - warn: API Error handling :: b4e9e7d7-e614-4b16-880d-1342c0fc9b74 :: Err 404 - Msg 
        :: {"errorCode":-1503,"description":"FfiError::InvalidPath"}
2017-04-22T21:45:20.536Z - debug: Authorised request :: 9c1e9197-53d4-419f-92cc-e58763dbcd9c :: Path - /0.5/nfs/file/app/CURRENTCHATFILE
2017-04-22T21:45:20.536Z - debug: Authorised request :: 9c1e9197-53d4-419f-92cc-e58763dbcd9c :: Decrypted session id - IfsWMerj31SW5AVTg5MC3pbHQZflSIF2+O4S2EAAhJQ=
2017-04-22T21:45:20.537Z - debug: NFS - 9c1e9197-53d4-419f-92cc-e58763dbcd9c :: Get file
2017-04-22T21:45:20.537Z - debug: NFS - 9c1e9197-53d4-419f-92cc-e58763dbcd9c :: Invoking get file request
2017-04-22T21:45:20.537Z - debug: FFI :: Get application handle
2017-04-22T21:45:20.539Z - error: FFI :: NFS :: Get file metadata :: -1503
2017-04-22T21:45:20.542Z - warn: API Error handling :: 9c1e9197-53d4-419f-92cc-e58763dbcd9c :: Err 404 - Msg 
        :: {"errorCode":-1503,"description":"FfiError::InvalidPath"}
2017-04-22T21:45:20.788Z - debug: Authorised request :: 5da53e7e-3554-40d9-94fb-f0202035f455 :: Path - /0.5/nfs/file/app/CURRENTCHATFILE
2017-04-22T21:45:20.789Z - debug: Authorised request :: 5da53e7e-3554-40d9-94fb-f0202035f455 :: Decrypted session id - IfsWMerj31SW5AVTg5MC3pbHQZflSIF2+O4S2EAAhJQ=
2017-04-22T21:45:20.789Z - debug: NFS - 5da53e7e-3554-40d9-94fb-f0202035f455 :: Create file
2017-04-22T21:45:20.790Z - debug: NFS - 5da53e7e-3554-40d9-94fb-f0202035f455 :: Invoking create file request 
    - {"metadata":"","length":4}
2017-04-22T21:45:20.790Z - debug: FFI :: Get application handle
2017-04-22T21:45:26.146Z - debug: FFI :: Get client stats - Gets count
2017-04-22T21:45:26.147Z - debug: FFI :: Get client stats - Puts count
2017-04-22T21:45:26.148Z - debug: FFI :: Get client stats - Posts count
2017-04-22T21:45:26.148Z - debug: FFI :: Get client stats - Deleted count
2017-04-22T21:45:26.531Z - debug: Authorised request :: 29bde65c-cc45-4c88-90fe-8d557d0e6ea0 :: Path - /0.5/nfs/file/app/CURRENTCHATFILE
2017-04-22T21:45:26.532Z - debug: Authorised request :: 29bde65c-cc45-4c88-90fe-8d557d0e6ea0 :: Decrypted session id - IfsWMerj31SW5AVTg5MC3pbHQZflSIF2+O4S2EAAhJQ=
2017-04-22T21:45:26.532Z - debug: NFS - 29bde65c-cc45-4c88-90fe-8d557d0e6ea0 :: Get file
2017-04-22T21:45:26.532Z - debug: NFS - 29bde65c-cc45-4c88-90fe-8d557d0e6ea0 :: Invoking get file request
2017-04-22T21:45:26.533Z - debug: FFI :: Get application handle
2017-04-22T21:45:26.534Z - debug: NFS - 29bde65c-cc45-4c88-90fe-8d557d0e6ea0 :: File metadata for reading - {"name":"CURRENTCHATFILE","metadata":"","size":4,"createdOn":"2017-04-22T21:45:20.791Z","modifiedOn":"2017-04-22T21:45:20.793Z"}
2017-04-22T21:45:26.535Z - debug: NFS - 29bde65c-cc45-4c88-90fe-8d557d0e6ea0 :: Ready to stream file for range 0 - 4 / 4
2017-04-22T21:45:26.536Z - debug: FFI :: Get application handle
2017-04-22T21:45:26.797Z - debug: Authorised request :: 17a52e6d-590a-4d93-a4f9-7a90642915a0 :: Path - /0.5/nfs/file/app/CURRENTCHATFILE
2017-04-22T21:45:26.798Z - debug: Authorised request :: 17a52e6d-590a-4d93-a4f9-7a90642915a0 :: Decrypted session id - IfsWMerj31SW5AVTg5MC3pbHQZflSIF2+O4S2EAAhJQ=
2017-04-22T21:45:26.798Z - debug: NFS - 17a52e6d-590a-4d93-a4f9-7a90642915a0 :: Delete file
2017-04-22T21:45:26.799Z - debug: NFS - 17a52e6d-590a-4d93-a4f9-7a90642915a0 :: Invoking delete file request
2017-04-22T21:45:26.799Z - debug: FFI :: Get application handle
2017-04-22T21:45:27.047Z - debug: Authorised request :: 43e70deb-9429-4385-abb0-71c7858ccfc7 :: Path - /0.5/nfs/file/app/CURRENTCHATFILE
2017-04-22T21:45:27.048Z - debug: Authorised request :: 43e70deb-9429-4385-abb0-71c7858ccfc7 :: Decrypted session id - IfsWMerj31SW5AVTg5MC3pbHQZflSIF2+O4S2EAAhJQ=
2017-04-22T21:45:27.049Z - debug: NFS - 43e70deb-9429-4385-abb0-71c7858ccfc7 :: Create file
2017-04-22T21:45:27.049Z - debug: NFS - 43e70deb-9429-4385-abb0-71c7858ccfc7 :: Invoking create file request 
    - {"metadata":"","length":12}
2017-04-22T21:45:27.049Z - debug: FFI :: Get application handle
2017-04-22T21:46:26.146Z - debug: FFI :: Get client stats - Gets count
2017-04-22T21:46:26.146Z - debug: FFI :: Get client stats - Puts count
2017-04-22T21:46:26.147Z - debug: FFI :: Get client stats - Posts count
2017-04-22T21:46:26.148Z - debug: FFI :: Get client stats - Deleted count
2017-04-22T21:47:26.146Z - debug: FFI :: Get client stats - Gets count
2017-04-22T21:47:26.146Z - debug: FFI :: Get client stats - Puts count
2017-04-22T21:47:26.147Z - debug: FFI :: Get client stats - Posts count
2017-04-22T21:47:26.147Z - debug: FFI :: Get client stats - Deleted count
